\BOOKMARK [-1][]{frontmatter_anchor.-1}{Front Matter}{}% 1
\BOOKMARK [0][-]{cover_anchor.0}{Cover Page}{frontmatter_anchor.-1}% 2
\BOOKMARK [0][-]{title_anchor.0}{Title Page}{frontmatter_anchor.-1}% 3
\BOOKMARK [0][-]{toc_anchor.0}{Table of Contents}{frontmatter_anchor.-1}% 4
\BOOKMARK [0][-]{lof_anchor.0}{List of Figures}{frontmatter_anchor.-1}% 5
\BOOKMARK [0][-]{lot_anchor.0}{List of Tables}{frontmatter_anchor.-1}% 6
\BOOKMARK [0][-]{chapter*.5}{Preface}{frontmatter_anchor.-1}% 7
\BOOKMARK [0][-]{chapter*.6}{Acknowledgements}{frontmatter_anchor.-1}% 8
\BOOKMARK [-1][]{mainmatter_anchor.-1}{Main Matter}{}% 9
\BOOKMARK [0][-]{chapter.1}{Introduction}{mainmatter_anchor.-1}% 10
\BOOKMARK [1][-]{section.1.1}{Problem Definition}{chapter.1}% 11
\BOOKMARK [1][-]{section.1.2}{Goal of the Thesis}{chapter.1}% 12
\BOOKMARK [1][-]{section.1.3}{Literature Study Approach}{chapter.1}% 13
\BOOKMARK [1][-]{section.1.4}{Outline}{chapter.1}% 14
\BOOKMARK [1][-]{section.1.5}{Nomenclature}{chapter.1}% 15
\BOOKMARK [0][-]{chapter.2}{Reinforcement Learning Preliminaries}{mainmatter_anchor.-1}% 16
\BOOKMARK [1][-]{section.2.1}{Goal as Cost Minimization}{chapter.2}% 17
\BOOKMARK [1][-]{section.2.2}{Markov Decision Process}{chapter.2}% 18
\BOOKMARK [1][-]{section.2.3}{Value and Policy Iteration}{chapter.2}% 19
\BOOKMARK [1][-]{section.2.4}{Reinforcement Learning for Continuous Space}{chapter.2}% 20
\BOOKMARK [1][-]{section.2.5}{Actor-Critic Structure}{chapter.2}% 21
\BOOKMARK [0][-]{chapter.3}{Reinforcement Learning for Tracking Problem: A Survey}{mainmatter_anchor.-1}% 22
\BOOKMARK [1][-]{section.3.1}{Dynamic Tuning via Reinforcement Learning}{chapter.3}% 23
\BOOKMARK [1][-]{section.3.2}{Nonlinear Compensation for Tracking via Reinforcement Learning}{chapter.3}% 24
\BOOKMARK [1][-]{section.3.3}{Reinforcement Learning for Optimal Tracking Control}{chapter.3}% 25
\BOOKMARK [1][-]{section.3.4}{Self-Proposed Controller [tentative]}{chapter.3}% 26
\BOOKMARK [0][-]{chapter.4}{Simulation \046 Verification}{mainmatter_anchor.-1}% 27
\BOOKMARK [1][-]{section.4.1}{Simulated Setup}{chapter.4}% 28
\BOOKMARK [1][-]{section.4.2}{Simulation Result and Analysis}{chapter.4}% 29
\BOOKMARK [1][-]{section.4.3}{Discussion}{chapter.4}% 30
\BOOKMARK [0][-]{chapter.5}{Future Work and Experiments Plan}{mainmatter_anchor.-1}% 31
\BOOKMARK [0][-]{chapter.6}{Conclusion}{mainmatter_anchor.-1}% 32
\BOOKMARK [-1][]{apdx_anchor.-1}{Appendices}{}% 33
\BOOKMARK [0][-]{appendix.A}{Appendix}{apdx_anchor.-1}% 34
\BOOKMARK [1][-]{section.A.1}{Simulation Program}{appendix.A}% 35
\BOOKMARK [2][-]{subsection.A.1.1}{A MATLAB listing}{section.A.1}% 36
\BOOKMARK [-1][]{backmatter_anchor.-1}{Back Matter}{}% 37
\BOOKMARK [0][-]{appendix*.16}{Glossary}{backmatter_anchor.-1}% 38
\BOOKMARK [1][-]{section*.17}{List of Acronyms}{appendix*.16}% 39
\BOOKMARK [1][-]{section*.19}{List of Symbols}{appendix*.16}% 40
