This is pdfTeX, Version 3.1415926-2.5-1.40.14 (MiKTeX 2.9) (preloaded format=pdflatex 2014.11.6)  19 DEC 2014 13:56
entering extended mode
**mscLiterature.tex

("D:\Dropbox\TU Delft - MSc System & Control\Graduation Project (Thesis)\Thesis
 Forms and Guide\DCSC Literature Style\mscLiterature.tex"
LaTeX2e <2011/06/27>
Babel <v3.8m> and hyphenation patterns for english, afrikaans, ancientgreek, ar
abic, armenian, assamese, basque, bengali, bokmal, bulgarian, catalan, coptic, 
croatian, czech, danish, dutch, esperanto, estonian, farsi, finnish, french, ga
lician, german, german-x-2013-05-26, greek, gujarati, hindi, hungarian, iceland
ic, indonesian, interlingua, irish, italian, kannada, kurmanji, latin, latvian,
 lithuanian, malayalam, marathi, mongolian, mongolianlmc, monogreek, ngerman, n
german-x-2013-05-26, nynorsk, oriya, panjabi, pinyin, polish, portuguese, roman
ian, russian, sanskrit, serbian, slovak, slovenian, spanish, swedish, swissgerm
an, tamil, telugu, turkish, turkmen, ukenglish, ukrainian, uppersorbian, usengl
ishmax, welsh, loaded.

("D:\Dropbox\TU Delft - MSc System & Control\Graduation Project (Thesis)\Thesis
 Forms and Guide\DCSC Literature Style\mscLiterature.cls"
Document Class: mscLiterature 12/03/2007 Standard Systems and Control Literatur
e Survey class
("C:\Program Files (x86)\MiKTeX 2.9\tex\latex\base\bk11.clo"
File: bk11.clo 2007/10/19 v1.4h Standard LaTeX file (size option)
)
\c@part=\count79
\c@chapter=\count80
\c@section=\count81
\c@subsection=\count82
\c@subsubsection=\count83
\c@paragraph=\count84
\c@subparagraph=\count85
\c@figure=\count86
\c@table=\count87
\abovecaptionskip=\skip41
\belowcaptionskip=\skip42
\bibindent=\dimen102

("C:\Program Files (x86)\MiKTeX 2.9\tex\latex\base\fontenc.sty"
Package: fontenc 2005/09/27 v1.99g Standard LaTeX package

("C:\Program Files (x86)\MiKTeX 2.9\tex\latex\base\t1enc.def"
File: t1enc.def 2005/09/27 v1.99g Standard LaTeX file
LaTeX Font Info:    Redeclaring font encoding T1 on input line 43.
))
("C:\Program Files (x86)\MiKTeX 2.9\tex\latex\lm\lmodern.sty"
Package: lmodern 2009/10/30 v1.6 Latin Modern Fonts
LaTeX Font Info:    Overwriting symbol font `operators' in version `normal'
(Font)                  OT1/cmr/m/n --> OT1/lmr/m/n on input line 22.
LaTeX Font Info:    Overwriting symbol font `letters' in version `normal'
(Font)                  OML/cmm/m/it --> OML/lmm/m/it on input line 23.
LaTeX Font Info:    Overwriting symbol font `symbols' in version `normal'
(Font)                  OMS/cmsy/m/n --> OMS/lmsy/m/n on input line 24.
LaTeX Font Info:    Overwriting symbol font `largesymbols' in version `normal'
(Font)                  OMX/cmex/m/n --> OMX/lmex/m/n on input line 25.
LaTeX Font Info:    Overwriting symbol font `operators' in version `bold'
(Font)                  OT1/cmr/bx/n --> OT1/lmr/bx/n on input line 26.
LaTeX Font Info:    Overwriting symbol font `letters' in version `bold'
(Font)                  OML/cmm/b/it --> OML/lmm/b/it on input line 27.
LaTeX Font Info:    Overwriting symbol font `symbols' in version `bold'
(Font)                  OMS/cmsy/b/n --> OMS/lmsy/b/n on input line 28.
LaTeX Font Info:    Overwriting symbol font `largesymbols' in version `bold'
(Font)                  OMX/cmex/m/n --> OMX/lmex/m/n on input line 29.
LaTeX Font Info:    Overwriting math alphabet `\mathbf' in version `normal'
(Font)                  OT1/cmr/bx/n --> OT1/lmr/bx/n on input line 31.
LaTeX Font Info:    Overwriting math alphabet `\mathsf' in version `normal'
(Font)                  OT1/cmss/m/n --> OT1/lmss/m/n on input line 32.
LaTeX Font Info:    Overwriting math alphabet `\mathit' in version `normal'
(Font)                  OT1/cmr/m/it --> OT1/lmr/m/it on input line 33.
LaTeX Font Info:    Overwriting math alphabet `\mathtt' in version `normal'
(Font)                  OT1/cmtt/m/n --> OT1/lmtt/m/n on input line 34.
LaTeX Font Info:    Overwriting math alphabet `\mathbf' in version `bold'
(Font)                  OT1/cmr/bx/n --> OT1/lmr/bx/n on input line 35.
LaTeX Font Info:    Overwriting math alphabet `\mathsf' in version `bold'
(Font)                  OT1/cmss/bx/n --> OT1/lmss/bx/n on input line 36.
LaTeX Font Info:    Overwriting math alphabet `\mathit' in version `bold'
(Font)                  OT1/cmr/bx/it --> OT1/lmr/bx/it on input line 37.
LaTeX Font Info:    Overwriting math alphabet `\mathtt' in version `bold'
(Font)                  OT1/cmtt/m/n --> OT1/lmtt/m/n on input line 38.
)
("C:\Program Files (x86)\MiKTeX 2.9\tex\latex\amsmath\amsmath.sty"
Package: amsmath 2013/01/14 v2.14 AMS math features
\@mathmargin=\skip43

For additional information on amsmath, use the `?' option.
("C:\Program Files (x86)\MiKTeX 2.9\tex\latex\amsmath\amstext.sty"
Package: amstext 2000/06/29 v2.01

("C:\Program Files (x86)\MiKTeX 2.9\tex\latex\amsmath\amsgen.sty"
File: amsgen.sty 1999/11/30 v2.0
\@emptytoks=\toks14
\ex@=\dimen103
))
("C:\Program Files (x86)\MiKTeX 2.9\tex\latex\amsmath\amsbsy.sty"
Package: amsbsy 1999/11/29 v1.2d
\pmbraise@=\dimen104
)
("C:\Program Files (x86)\MiKTeX 2.9\tex\latex\amsmath\amsopn.sty"
Package: amsopn 1999/12/14 v2.01 operator names
)
\inf@bad=\count88
LaTeX Info: Redefining \frac on input line 210.
\uproot@=\count89
\leftroot@=\count90
LaTeX Info: Redefining \overline on input line 306.
\classnum@=\count91
\DOTSCASE@=\count92
LaTeX Info: Redefining \ldots on input line 378.
LaTeX Info: Redefining \dots on input line 381.
LaTeX Info: Redefining \cdots on input line 466.
\Mathstrutbox@=\box26
\strutbox@=\box27
\big@size=\dimen105
LaTeX Font Info:    Redeclaring font encoding OML on input line 566.
LaTeX Font Info:    Redeclaring font encoding OMS on input line 567.
\macc@depth=\count93
\c@MaxMatrixCols=\count94
\dotsspace@=\muskip10
\c@parentequation=\count95
\dspbrk@lvl=\count96
\tag@help=\toks15
\row@=\count97
\column@=\count98
\maxfields@=\count99
\andhelp@=\toks16
\eqnshift@=\dimen106
\alignsep@=\dimen107
\tagshift@=\dimen108
\tagwidth@=\dimen109
\totwidth@=\dimen110
\lineht@=\dimen111
\@envbody=\toks17
\multlinegap=\skip44
\multlinetaggap=\skip45
\mathdisplay@stack=\toks18
LaTeX Info: Redefining \[ on input line 2665.
LaTeX Info: Redefining \] on input line 2666.
)
("C:\Program Files (x86)\MiKTeX 2.9\tex\latex\amsfonts\amssymb.sty"
Package: amssymb 2013/01/14 v3.01 AMS font symbols

("C:\Program Files (x86)\MiKTeX 2.9\tex\latex\amsfonts\amsfonts.sty"
Package: amsfonts 2013/01/14 v3.01 Basic AMSFonts support
\symAMSa=\mathgroup4
\symAMSb=\mathgroup5
LaTeX Font Info:    Overwriting math alphabet `\mathfrak' in version `bold'
(Font)                  U/euf/m/n --> U/euf/b/n on input line 106.
))
("C:\Program Files (x86)\MiKTeX 2.9\tex\latex\amscls\amsthm.sty"
Package: amsthm 2004/08/06 v2.20
\thm@style=\toks19
\thm@bodyfont=\toks20
\thm@headfont=\toks21
\thm@notefont=\toks22
\thm@headpunct=\toks23
\thm@preskip=\skip46
\thm@postskip=\skip47
\thm@headsep=\skip48
\dth@everypar=\toks24
)
("C:\Program Files (x86)\MiKTeX 2.9\tex\latex\a4wide\a4wide.sty"
Package: a4wide 1994/08/30

("C:\Program Files (x86)\MiKTeX 2.9\tex\latex\ntgclass\a4.sty"
Package: a4 2004/04/15 v1.2g A4 based page layout
))
("C:\Program Files (x86)\MiKTeX 2.9\tex\latex\fancyhdr\fancyhdr.sty"
\fancy@headwidth=\skip49
\f@ncyO@elh=\skip50
\f@ncyO@erh=\skip51
\f@ncyO@olh=\skip52
\f@ncyO@orh=\skip53
\f@ncyO@elf=\skip54
\f@ncyO@erf=\skip55
\f@ncyO@olf=\skip56
\f@ncyO@orf=\skip57
)
("C:\Program Files (x86)\MiKTeX 2.9\tex\latex\fncychap\fncychap.sty"
Package: fncychap 2007/07/30 v1.34 LaTeX package (Revised chapters)
\RW=\skip58
\mylen=\skip59
\myhi=\skip60
\px=\skip61
\py=\skip62
\pyy=\skip63
\pxx=\skip64
)
("C:\Program Files (x86)\MiKTeX 2.9\tex\latex\graphics\graphicx.sty"
Package: graphicx 1999/02/16 v1.0f Enhanced LaTeX Graphics (DPC,SPQR)

("C:\Program Files (x86)\MiKTeX 2.9\tex\latex\graphics\keyval.sty"
Package: keyval 1999/03/16 v1.13 key=value parser (DPC)
\KV@toks@=\toks25
)
("C:\Program Files (x86)\MiKTeX 2.9\tex\latex\graphics\graphics.sty"
Package: graphics 2009/02/05 v1.0o Standard LaTeX Graphics (DPC,SPQR)

("C:\Program Files (x86)\MiKTeX 2.9\tex\latex\graphics\trig.sty"
Package: trig 1999/03/16 v1.09 sin cos tan (DPC)
)
("C:\Program Files (x86)\MiKTeX 2.9\tex\latex\00miktex\graphics.cfg"
File: graphics.cfg 2007/01/18 v1.5 graphics configuration of teTeX/TeXLive
)
Package graphics Info: Driver file: pdftex.def on input line 91.

("C:\Program Files (x86)\MiKTeX 2.9\tex\latex\pdftex-def\pdftex.def"
File: pdftex.def 2011/05/27 v0.06d Graphics/color for pdfTeX

("C:\Program Files (x86)\MiKTeX 2.9\tex\generic\oberdiek\infwarerr.sty"
Package: infwarerr 2010/04/08 v1.3 Providing info/warning/error messages (HO)
)
("C:\Program Files (x86)\MiKTeX 2.9\tex\generic\oberdiek\ltxcmds.sty"
Package: ltxcmds 2011/11/09 v1.22 LaTeX kernel commands for general use (HO)
)
\Gread@gobject=\count100
))
\Gin@req@height=\dimen112
\Gin@req@width=\dimen113
)
("C:\Program Files (x86)\MiKTeX 2.9\tex\latex\graphics\color.sty"
Package: color 2005/11/14 v1.0j Standard LaTeX Color (DPC)

("C:\Program Files (x86)\MiKTeX 2.9\tex\latex\00miktex\color.cfg"
File: color.cfg 2007/01/18 v1.5 color configuration of teTeX/TeXLive
)
Package color Info: Driver file: pdftex.def on input line 130.
)
("C:\Program Files (x86)\MiKTeX 2.9\tex\latex\booktabs\booktabs.sty"
Package: booktabs 2005/04/14 v1.61803 publication quality tables
\heavyrulewidth=\dimen114
\lightrulewidth=\dimen115
\cmidrulewidth=\dimen116
\belowrulesep=\dimen117
\belowbottomsep=\dimen118
\aboverulesep=\dimen119
\abovetopsep=\dimen120
\cmidrulesep=\dimen121
\cmidrulekern=\dimen122
\defaultaddspace=\dimen123
\@cmidla=\count101
\@cmidlb=\count102
\@aboverulesep=\dimen124
\@belowrulesep=\dimen125
\@thisruleclass=\count103
\@lastruleclass=\count104
\@thisrulewidth=\dimen126
)
("C:\Program Files (x86)\MiKTeX 2.9\tex\latex\caption\caption.sty"
Package: caption 2013/05/02 v3.3-89 Customizing captions (AR)

("C:\Program Files (x86)\MiKTeX 2.9\tex\latex\caption\caption3.sty"
Package: caption3 2013/05/02 v1.6-88 caption3 kernel (AR)
Package caption3 Info: TeX engine: e-TeX on input line 57.
\captionmargin=\dimen127
\captionmargin@=\dimen128
\captionwidth=\dimen129
\caption@tempdima=\dimen130
\caption@indent=\dimen131
\caption@parindent=\dimen132
\caption@hangindent=\dimen133
)
\c@ContinuedFloat=\count105
)
("C:\Program Files (x86)\MiKTeX 2.9\tex\latex\nomencl\nomencl.sty"
Package: nomencl 2005/09/22 v4.2 Nomenclature package (LN)
\nomlabelwidth=\dimen134
\nom@tempdim=\dimen135
\nomitemsep=\skip65
)
("C:\Program Files (x86)\MiKTeX 2.9\tex\latex\base\makeidx.sty"
Package: makeidx 2000/03/29 v1.0m Standard LaTeX package
)
("C:\Program Files (x86)\MiKTeX 2.9\tex\latex\acronym\acronym.sty"
Package: acronym 2014/09/29 v1.40 Support for acronyms (Tobias Oetiker)

("C:\Program Files (x86)\MiKTeX 2.9\tex\latex\bigfoot\suffix.sty"
Package: suffix 2006/07/15 1.5a Variant command support
)
("C:\Program Files (x86)\MiKTeX 2.9\tex\latex\xstring\xstring.sty"
("C:\Program Files (x86)\MiKTeX 2.9\tex\generic\xstring\xstring.tex"
\@xs@message=\write3
\integerpart=\count106
\decimalpart=\count107
)
Package: xstring 2013/10/13  v1.7c  String manipulations (C Tellechea)
)
\AC@clearlist=\toks26
)
("C:\Program Files (x86)\MiKTeX 2.9\tex\latex\base\ifthen.sty"
Package: ifthen 2001/05/26 v1.1c Standard LaTeX ifthen package (DPC)
)
("C:\Program Files (x86)\MiKTeX 2.9\tex\latex\eso-pic\eso-pic.sty"
Package: eso-pic 2013/10/06 v2.0d eso-pic (RN)

("C:\Program Files (x86)\MiKTeX 2.9\tex\generic\oberdiek\atbegshi.sty"
Package: atbegshi 2011/10/05 v1.16 At begin shipout hook (HO)

("C:\Program Files (x86)\MiKTeX 2.9\tex\generic\oberdiek\ifpdf.sty"
Package: ifpdf 2011/01/30 v2.3 Provides the ifpdf switch (HO)
Package ifpdf Info: pdfTeX in PDF mode is detected.
)))
("C:\Program Files (x86)\MiKTeX 2.9\tex\latex\ltxmisc\relsize.sty"
Package: relsize 2003/07/04 ver 3.1
)
("C:\Program Files (x86)\MiKTeX 2.9\tex\latex\listings\listings.sty"
\lst@mode=\count108
\lst@gtempboxa=\box28
\lst@token=\toks27
\lst@length=\count109
\lst@currlwidth=\dimen136
\lst@column=\count110
\lst@pos=\count111
\lst@lostspace=\dimen137
\lst@width=\dimen138
\lst@newlines=\count112
\lst@lineno=\count113
\lst@maxwidth=\dimen139

("C:\Program Files (x86)\MiKTeX 2.9\tex\latex\listings\lstmisc.sty"
File: lstmisc.sty 2014/09/06 1.5e (Carsten Heinz)
\c@lstnumber=\count114
\lst@skipnumbers=\count115
\lst@framebox=\box29
)
("C:\Program Files (x86)\MiKTeX 2.9\tex\latex\listings\listings.cfg"
File: listings.cfg 2014/09/06 1.5e listings configuration
))
Package: listings 2014/09/06 1.5e (Carsten Heinz)

("C:\Program Files (x86)\MiKTeX 2.9\tex\latex\xcolor\xcolor.sty"
Package: xcolor 2007/01/21 v2.11 LaTeX color extensions (UK)

("C:\Program Files (x86)\MiKTeX 2.9\tex\latex\00miktex\color.cfg"
File: color.cfg 2007/01/18 v1.5 color configuration of teTeX/TeXLive
)
Package xcolor Info: Driver file: pdftex.def on input line 225.
LaTeX Info: Redefining \color on input line 702.
Package xcolor Info: Model `cmy' substituted by `cmy0' on input line 1337.
Package xcolor Info: Model `hsb' substituted by `rgb' on input line 1341.
Package xcolor Info: Model `RGB' extended on input line 1353.
Package xcolor Info: Model `HTML' substituted by `rgb' on input line 1355.
Package xcolor Info: Model `Hsb' substituted by `hsb' on input line 1356.
Package xcolor Info: Model `tHsb' substituted by `hsb' on input line 1357.
Package xcolor Info: Model `HSB' substituted by `hsb' on input line 1358.
Package xcolor Info: Model `Gray' substituted by `gray' on input line 1359.
Package xcolor Info: Model `wave' substituted by `hsb' on input line 1360.
)
("C:\Program Files (x86)\MiKTeX 2.9\tex\latex\listings\lstlang1.sty"
File: lstlang1.sty 2014/09/06 1.5e listings language file
)
("C:\Program Files (x86)\MiKTeX 2.9\tex\latex\hyperref\hyperref.sty"
Package: hyperref 2012/11/06 v6.83m Hypertext links for LaTeX

("C:\Program Files (x86)\MiKTeX 2.9\tex\generic\oberdiek\hobsub-hyperref.sty"
Package: hobsub-hyperref 2012/04/25 v1.12 Bundle oberdiek, subset hyperref (HO)


("C:\Program Files (x86)\MiKTeX 2.9\tex\generic\oberdiek\hobsub-generic.sty"
Package: hobsub-generic 2012/04/25 v1.12 Bundle oberdiek, subset generic (HO)
Package: hobsub 2012/04/25 v1.12 Construct package bundles (HO)
Package hobsub Info: Skipping package `infwarerr' (already loaded).
Package hobsub Info: Skipping package `ltxcmds' (already loaded).
Package: ifluatex 2010/03/01 v1.3 Provides the ifluatex switch (HO)
Package ifluatex Info: LuaTeX not detected.
Package: ifvtex 2010/03/01 v1.5 Detect VTeX and its facilities (HO)
Package ifvtex Info: VTeX not detected.
Package: intcalc 2007/09/27 v1.1 Expandable calculations with integers (HO)
Package hobsub Info: Skipping package `ifpdf' (already loaded).
Package: etexcmds 2011/02/16 v1.5 Avoid name clashes with e-TeX commands (HO)
Package etexcmds Info: Could not find \expanded.
(etexcmds)             That can mean that you are not using pdfTeX 1.50 or
(etexcmds)             that some package has redefined \expanded.
(etexcmds)             In the latter case, load this package earlier.
Package: kvsetkeys 2012/04/25 v1.16 Key value parser (HO)
Package: kvdefinekeys 2011/04/07 v1.3 Define keys (HO)
Package: pdftexcmds 2011/11/29 v0.20 Utility functions of pdfTeX for LuaTeX (HO
)
Package pdftexcmds Info: LuaTeX not detected.
Package pdftexcmds Info: \pdf@primitive is available.
Package pdftexcmds Info: \pdf@ifprimitive is available.
Package pdftexcmds Info: \pdfdraftmode found.
Package: pdfescape 2011/11/25 v1.13 Implements pdfTeX's escape features (HO)
Package: bigintcalc 2012/04/08 v1.3 Expandable calculations on big integers (HO
)
Package: bitset 2011/01/30 v1.1 Handle bit-vector datatype (HO)
Package: uniquecounter 2011/01/30 v1.2 Provide unlimited unique counter (HO)
)
Package hobsub Info: Skipping package `hobsub' (already loaded).
Package: letltxmacro 2010/09/02 v1.4 Let assignment for LaTeX macros (HO)
Package: hopatch 2011/06/24 v1.1 Wrapper for package hooks (HO)
Package: xcolor-patch 2011/01/30 xcolor patch
Package: atveryend 2011/06/30 v1.8 Hooks at the very end of document (HO)
Package atveryend Info: \enddocument detected (standard20110627).
Package hobsub Info: Skipping package `atbegshi' (already loaded).
Package: refcount 2011/10/16 v3.4 Data extraction from label references (HO)
Package: hycolor 2011/01/30 v1.7 Color options for hyperref/bookmark (HO)
)
("C:\Program Files (x86)\MiKTeX 2.9\tex\generic\ifxetex\ifxetex.sty"
Package: ifxetex 2010/09/12 v0.6 Provides ifxetex conditional
)
("C:\Program Files (x86)\MiKTeX 2.9\tex\latex\oberdiek\auxhook.sty"
Package: auxhook 2011/03/04 v1.3 Hooks for auxiliary files (HO)
)
("C:\Program Files (x86)\MiKTeX 2.9\tex\latex\oberdiek\kvoptions.sty"
Package: kvoptions 2011/06/30 v3.11 Key value format for package options (HO)
)
\@linkdim=\dimen140
\Hy@linkcounter=\count116
\Hy@pagecounter=\count117

("C:\Program Files (x86)\MiKTeX 2.9\tex\latex\hyperref\pd1enc.def"
File: pd1enc.def 2012/11/06 v6.83m Hyperref: PDFDocEncoding definition (HO)
)
\Hy@SavedSpaceFactor=\count118

("C:\Program Files (x86)\MiKTeX 2.9\tex\latex\00miktex\hyperref.cfg"
File: hyperref.cfg 2002/06/06 v1.2 hyperref configuration of TeXLive
)
Package hyperref Info: Hyper figures OFF on input line 4443.
Package hyperref Info: Link nesting OFF on input line 4448.
Package hyperref Info: Hyper index ON on input line 4451.
Package hyperref Info: Plain pages OFF on input line 4458.
Package hyperref Info: Backreferencing OFF on input line 4463.
Package hyperref Info: Implicit mode ON; LaTeX internals redefined.
Package hyperref Info: Bookmarks ON on input line 4688.
\c@Hy@tempcnt=\count119

("C:\Program Files (x86)\MiKTeX 2.9\tex\latex\url\url.sty"
\Urlmuskip=\muskip11
Package: url 2013/09/16  ver 3.4  Verb mode for urls, etc.
)
LaTeX Info: Redefining \url on input line 5041.
\XeTeXLinkMargin=\dimen141
\Fld@menulength=\count120
\Field@Width=\dimen142
\Fld@charsize=\dimen143
Package hyperref Info: Hyper figures OFF on input line 6295.
Package hyperref Info: Link nesting OFF on input line 6300.
Package hyperref Info: Hyper index ON on input line 6303.
Package hyperref Info: backreferencing OFF on input line 6310.
Package hyperref Info: Link coloring OFF on input line 6315.
Package hyperref Info: Link coloring with OCG OFF on input line 6320.
Package hyperref Info: PDF/A mode OFF on input line 6325.
LaTeX Info: Redefining \ref on input line 6365.
LaTeX Info: Redefining \pageref on input line 6369.
\Hy@abspage=\count121
\c@Item=\count122
\c@Hfootnote=\count123
)

Package hyperref Message: Driver (autodetected): hpdftex.

("C:\Program Files (x86)\MiKTeX 2.9\tex\latex\hyperref\hpdftex.def"
File: hpdftex.def 2012/11/06 v6.83m Hyperref driver for pdfTeX
\Fld@listcount=\count124
\c@bookmark@seq@number=\count125

("C:\Program Files (x86)\MiKTeX 2.9\tex\latex\oberdiek\rerunfilecheck.sty"
Package: rerunfilecheck 2011/04/15 v1.7 Rerun checks for auxiliary files (HO)
Package uniquecounter Info: New unique counter `rerunfilecheck' on input line 2
82.
)
\Hy@SectionHShift=\skip66
)
Package hyperref Info: Option `colorlinks' set `true' on input line 1417.
Package hyperref Info: Option `breaklinks' set `true' on input line 1417.
Package hyperref Info: Option `bookmarksnumbered' set `false' on input line 141
7.
Package hyperref Info: Option `bookmarksopen' set `true' on input line 1417.
)
\@nomenclaturefile=\write4

Writing nomenclature file mscLiterature.nlo
\@indexfile=\write5
Writing index file mscLiterature.idx

("D:\Dropbox\TU Delft - MSc System & Control\Graduation Project (Thesis)\Thesis
 Forms and Guide\DCSC Literature Style\mscLiterature.aux"
("D:\Dropbox\TU Delft - MSc System & Control\Graduation Project (Thesis)\Thesis
 Forms and Guide\DCSC Literature Style\abstract.aux")
("D:\Dropbox\TU Delft - MSc System & Control\Graduation Project (Thesis)\Thesis
 Forms and Guide\DCSC Literature Style\preface.aux")
("D:\Dropbox\TU Delft - MSc System & Control\Graduation Project (Thesis)\Thesis
 Forms and Guide\DCSC Literature Style\acknowledgements.aux")
("D:\Dropbox\TU Delft - MSc System & Control\Graduation Project (Thesis)\Thesis
 Forms and Guide\DCSC Literature Style\dedication.aux")
("D:\Dropbox\TU Delft - MSc System & Control\Graduation Project (Thesis)\Thesis
 Forms and Guide\DCSC Literature Style\introduction.aux")
("D:\Dropbox\TU Delft - MSc System & Control\Graduation Project (Thesis)\Thesis
 Forms and Guide\DCSC Literature Style\rl_prelim.aux")
("D:\Dropbox\TU Delft - MSc System & Control\Graduation Project (Thesis)\Thesis
 Forms and Guide\DCSC Literature Style\survey.aux")
("D:\Dropbox\TU Delft - MSc System & Control\Graduation Project (Thesis)\Thesis
 Forms and Guide\DCSC Literature Style\simulation.aux")
("D:\Dropbox\TU Delft - MSc System & Control\Graduation Project (Thesis)\Thesis
 Forms and Guide\DCSC Literature Style\implementation.aux")
("D:\Dropbox\TU Delft - MSc System & Control\Graduation Project (Thesis)\Thesis
 Forms and Guide\DCSC Literature Style\conclusion.aux")
("D:\Dropbox\TU Delft - MSc System & Control\Graduation Project (Thesis)\Thesis
 Forms and Guide\DCSC Literature Style\app_back.aux")
("D:\Dropbox\TU Delft - MSc System & Control\Graduation Project (Thesis)\Thesis
 Forms and Guide\DCSC Literature Style\glossary.aux"))
LaTeX Font Info:    Checking defaults for OML/cmm/m/it on input line 35.
LaTeX Font Info:    ... okay on input line 35.
LaTeX Font Info:    Checking defaults for T1/cmr/m/n on input line 35.
LaTeX Font Info:    ... okay on input line 35.
LaTeX Font Info:    Checking defaults for OT1/cmr/m/n on input line 35.
LaTeX Font Info:    ... okay on input line 35.
LaTeX Font Info:    Checking defaults for OMS/cmsy/m/n on input line 35.
LaTeX Font Info:    ... okay on input line 35.
LaTeX Font Info:    Checking defaults for OMX/cmex/m/n on input line 35.
LaTeX Font Info:    ... okay on input line 35.
LaTeX Font Info:    Checking defaults for U/cmr/m/n on input line 35.
LaTeX Font Info:    ... okay on input line 35.
LaTeX Font Info:    Checking defaults for PD1/pdf/m/n on input line 35.
LaTeX Font Info:    ... okay on input line 35.
LaTeX Font Info:    Try loading font information for T1+lmr on input line 35.

("C:\Program Files (x86)\MiKTeX 2.9\tex\latex\lm\t1lmr.fd"
File: t1lmr.fd 2009/10/30 v1.6 Font defs for Latin Modern
)
("C:\Program Files (x86)\MiKTeX 2.9\tex\context\base\supp-pdf.mkii"
[Loading MPS to PDF converter (version 2006.09.02).]
\scratchcounter=\count126
\scratchdimen=\dimen144
\scratchbox=\box30
\nofMPsegments=\count127
\nofMParguments=\count128
\everyMPshowfont=\toks28
\MPscratchCnt=\count129
\MPscratchDim=\dimen145
\MPnumerator=\count130
\makeMPintoPDFobject=\count131
\everyMPtoPDFconversion=\toks29
)
Package caption Info: Begin \AtBeginDocument code.
Package caption Info: hyperref package is loaded.
Package caption Info: listings package is loaded.
Package caption Info: End \AtBeginDocument code.
\AtBeginShipoutBox=\box31
\c@lstlisting=\count132
Package hyperref Info: Link coloring ON on input line 35.
 ("C:\Program Files (x86)\MiKTeX 2.9\tex\latex\hyperref\nameref.sty"
Package: nameref 2012/10/27 v2.43 Cross-referencing by name of section

("C:\Program Files (x86)\MiKTeX 2.9\tex\generic\oberdiek\gettitlestring.sty"
Package: gettitlestring 2010/12/03 v1.4 Cleanup title references (HO)
)
\c@section@level=\count133
)
LaTeX Info: Redefining \ref on input line 35.
LaTeX Info: Redefining \pageref on input line 35.
LaTeX Info: Redefining \nameref on input line 35.

("D:\Dropbox\TU Delft - MSc System & Control\Graduation Project (Thesis)\Thesis
 Forms and Guide\DCSC Literature Style\mscLiterature.out")
("D:\Dropbox\TU Delft - MSc System & Control\Graduation Project (Thesis)\Thesis
 Forms and Guide\DCSC Literature Style\mscLiterature.out")
\@outlinefile=\write6
LaTeX Font Info:    Try loading font information for T1+pbk on input line 43.

("C:\Program Files (x86)\MiKTeX 2.9\tex\latex\psnfss\t1pbk.fd"
File: t1pbk.fd 2001/06/04 font definitions for T1/pbk.
)
LaTeX Font Info:    Font shape `T1/pbk/m/n' in size <24.88> not available
(Font)              Font shape `T1/pbk/l/n' tried instead on input line 43.

Underfull \hbox (badness 10000) in paragraph at lines 43--43
[]\T1/pbk/l/n/24.88 Reinforcement Learn-ing for
 []

LaTeX Font Info:    Font shape `T1/pbk/m/n' in size <14.4> not available
(Font)              Font shape `T1/pbk/l/n' tried instead on input line 43.
LaTeX Font Info:    Try loading font information for T1+lmss on input line 43.
("C:\Program Files (x86)\MiKTeX 2.9\tex\latex\lm\t1lmss.fd"
File: t1lmss.fd 2009/10/30 v1.6 Font defs for Latin Modern
)
<STYLESTUFF/COVER.jpg, id=163, 601.38965pt x 844.87071pt>
File: STYLESTUFF/COVER.jpg Graphic file (type jpg)

<use STYLESTUFF/COVER.jpg>
Package pdftex.def Info: STYLESTUFF/COVER.jpg used on input line 43.
(pdftex.def)             Requested size: 597.5157pt x 845.1007pt.

<STYLESTUFF/TU_LOGO.png, id=164, 145.71439pt x 42.42851pt>
File: STYLESTUFF/TU_LOGO.png Graphic file (type png)

<use STYLESTUFF/TU_LOGO.png>
Package pdftex.def Info: STYLESTUFF/TU_LOGO.png used on input line 43.
(pdftex.def)             Requested size: 145.714pt x 42.4284pt.
 [1{C:/ProgramData/MiKTeX/2.9/pdftex/config/pdftex.map}



 <D:/Dropbox/TU Delft - MSc System & Control/Graduation Project (Thesis)/Thesis
 Forms and Guide/DCSC Literature Style/STYLESTUFF/COVER.jpg> <D:/Dropbox/TU Del
ft - MSc System & Control/Graduation Project (Thesis)/Thesis Forms and Guide/DC
SC Literature Style/STYLESTUFF/TU_LOGO.png>] [2

]
LaTeX Font Info:    Try loading font information for OML+lmr on input line 43.

("C:\Program Files (x86)\MiKTeX 2.9\tex\latex\lm\omllmr.fd"
File: omllmr.fd 2009/10/30 v1.6 Font defs for Latin Modern
)
LaTeX Font Info:    Try loading font information for OML+lmm on input line 43.

("C:\Program Files (x86)\MiKTeX 2.9\tex\latex\lm\omllmm.fd"
File: omllmm.fd 2009/10/30 v1.6 Font defs for Latin Modern
)
LaTeX Font Info:    Font shape `OML/lmr/m/it' in size <14.4> not available
(Font)              Font shape `OML/lmm/m/it' tried instead on input line 43.
LaTeX Font Info:    Try loading font information for OT1+lmr on input line 43.

("C:\Program Files (x86)\MiKTeX 2.9\tex\latex\lm\ot1lmr.fd"
File: ot1lmr.fd 2009/10/30 v1.6 Font defs for Latin Modern
)
LaTeX Font Info:    Try loading font information for OMS+lmsy on input line 43.


("C:\Program Files (x86)\MiKTeX 2.9\tex\latex\lm\omslmsy.fd"
File: omslmsy.fd 2009/10/30 v1.6 Font defs for Latin Modern
)
LaTeX Font Info:    Try loading font information for OMX+lmex on input line 43.


("C:\Program Files (x86)\MiKTeX 2.9\tex\latex\lm\omxlmex.fd"
File: omxlmex.fd 2009/10/30 v1.6 Font defs for Latin Modern
)
LaTeX Font Info:    External font `lmex10' loaded for size
(Font)              <10.95> on input line 43.
LaTeX Font Info:    External font `lmex10' loaded for size
(Font)              <8> on input line 43.
LaTeX Font Info:    External font `lmex10' loaded for size
(Font)              <6> on input line 43.
LaTeX Font Info:    Try loading font information for U+msa on input line 43.

("C:\Program Files (x86)\MiKTeX 2.9\tex\latex\amsfonts\umsa.fd"
File: umsa.fd 2013/01/14 v3.01 AMS symbols A
)
LaTeX Font Info:    Try loading font information for U+msb on input line 43.

("C:\Program Files (x86)\MiKTeX 2.9\tex\latex\amsfonts\umsb.fd"
File: umsb.fd 2013/01/14 v3.01 AMS symbols B
) [3]
<STYLESTUFF/EXAMPLELOGO.png, id=188, 227.6505pt x 168.3891pt>
File: STYLESTUFF/EXAMPLELOGO.png Graphic file (type png)

<use STYLESTUFF/EXAMPLELOGO.png>
Package pdftex.def Info: STYLESTUFF/EXAMPLELOGO.png used on input line 43.
(pdftex.def)             Requested size: 150.0pt x 110.95471pt.
File: STYLESTUFF/TU_LOGO.png Graphic file (type png)
 <use STYLESTUFF/TU_LOGO.png>
Package pdftex.def Info: STYLESTUFF/TU_LOGO.png used on input line 43.
(pdftex.def)             Requested size: 145.714pt x 42.4284pt.

<STYLESTUFF/DCSC.png, id=189, 227.6505pt x 72.27pt>
File: STYLESTUFF/DCSC.png Graphic file (type png)
 <use STYLESTUFF/DCSC.png>
Package pdftex.def Info: STYLESTUFF/DCSC.png used on input line 43.
(pdftex.def)             Requested size: 126.00015pt x 40.0pt.
LaTeX Font Info:    Try loading font information for OMS+lmr on input line 43.

("C:\Program Files (x86)\MiKTeX 2.9\tex\latex\lm\omslmr.fd"
File: omslmr.fd 2009/10/30 v1.6 Font defs for Latin Modern
)
LaTeX Font Info:    Font shape `OMS/lmr/m/n' in size <10.95> not available
(Font)              Font shape `OMS/lmsy/m/n' tried instead on input line 43.
 [4 <D:/Dropbox/TU Delft - MSc System & Control/Graduation Project (Thesis)/The
sis Forms and Guide/DCSC Literature Style/STYLESTUFF/EXAMPLELOGO.png (PNG copy)
> <D:/Dropbox/TU Delft - MSc System & Control/Graduation Project (Thesis)/Thesi
s Forms and Guide/DCSC Literature Style/STYLESTUFF/DCSC.png>]
("D:\Dropbox\TU Delft - MSc System & Control\Graduation Project (Thesis)\Thesis
 Forms and Guide\DCSC Literature Style\abstract.tex") [1



] [2


]
("D:\Dropbox\TU Delft - MSc System & Control\Graduation Project (Thesis)\Thesis
 Forms and Guide\DCSC Literature Style\mscLiterature.toc" [3])
\tf@toc=\write7
 [4]
("D:\Dropbox\TU Delft - MSc System & Control\Graduation Project (Thesis)\Thesis
 Forms and Guide\DCSC Literature Style\mscLiterature.lof")
\tf@lof=\write8
 [5



] [6

]
("D:\Dropbox\TU Delft - MSc System & Control\Graduation Project (Thesis)\Thesis
 Forms and Guide\DCSC Literature Style\mscLiterature.lot")
\tf@lot=\write9
 [7

] [8

]
("D:\Dropbox\TU Delft - MSc System & Control\Graduation Project (Thesis)\Thesis
 Forms and Guide\DCSC Literature Style\preface.tex") [9



]
("D:\Dropbox\TU Delft - MSc System & Control\Graduation Project (Thesis)\Thesis
 Forms and Guide\DCSC Literature Style\acknowledgements.tex" [10



]
LaTeX Font Info:    Font shape `OML/lmr/m/it' in size <10.95> not available
(Font)              Font shape `OML/lmm/m/it' tried instead on input line 12.
) [11]
("D:\Dropbox\TU Delft - MSc System & Control\Graduation Project (Thesis)\Thesis
 Forms and Guide\DCSC Literature Style\dedication.tex" [12



] [13] [14

])
("D:\Dropbox\TU Delft - MSc System & Control\Graduation Project (Thesis)\Thesis
 Forms and Guide\DCSC Literature Style\introduction.tex"
Chapter 1.
Package acronym Info: Label `acro:DoF' newly defined as it shall be overridden
although it is yet undefined on input line 8.
Package acronym Info: Label `acro:3D' newly defined as it shall be overridden
although it is yet undefined on input line 8.
Package acronym Info: Label `acro:RL' newly defined as it shall be overridden
although it is yet undefined on input line 12.
Package acronym Info: Label `acro:PI$^2$' newly defined as it shall be overridd
en
although it is yet undefined on input line 12.
Package acronym Info: Label `acro:PD' newly defined as it shall be overridden
although it is yet undefined on input line 12.

Overfull \hbox (11.06972pt too wide) in paragraph at lines 12--13
[]\T1/lmr/m/n/10.95 In this the-sis, a method to im-prove the per-for-mance of 
nom-i-nal con-troller by us-ing [][][]Reinforcement
 []

[1




] [2]) [3]
("D:\Dropbox\TU Delft - MSc System & Control\Graduation Project (Thesis)\Thesis
 Forms and Guide\DCSC Literature Style\rl_prelim.tex" [4



]
Chapter 2.
Package acronym Info: Label `acro:RL' overridden on input line 2.
Package acronym Info: Label `acro:MDP' newly defined as it shall be overridden
although it is yet undefined on input line 2.
[5]) [6]
("D:\Dropbox\TU Delft - MSc System & Control\Graduation Project (Thesis)\Thesis
 Forms and Guide\DCSC Literature Style\survey.tex"
Chapter 3.
Package acronym Info: Label `acro:DCSC' newly defined as it shall be overridden

although it is yet undefined on input line 5.

Overfull \hbox (1.01585pt too wide) in paragraph at lines 14--14
[]\T1/lmss/bx/n/14.4 Nonlinear Com-pen-sa-tion for Track-ing via Re-in-force-me
nt Learn-
 []

) [7



]
("D:\Dropbox\TU Delft - MSc System & Control\Graduation Project (Thesis)\Thesis
 Forms and Guide\DCSC Literature Style\simulation.tex" [8



]
Chapter 4.
) [9]
("D:\Dropbox\TU Delft - MSc System & Control\Graduation Project (Thesis)\Thesis
 Forms and Guide\DCSC Literature Style\implementation.tex" [10



]
Chapter 5.
) [11]
("D:\Dropbox\TU Delft - MSc System & Control\Graduation Project (Thesis)\Thesis
 Forms and Guide\DCSC Literature Style\conclusion.tex" [12



]
Chapter 6.
) [13]
("D:\Dropbox\TU Delft - MSc System & Control\Graduation Project (Thesis)\Thesis
 Forms and Guide\DCSC Literature Style\app_back.tex" [14



]
Appendix A.

("D:\Dropbox\TU Delft - MSc System & Control\Graduation Project (Thesis)\Thesis
 Forms and Guide\DCSC Literature Style\test.m"
LaTeX Font Info:    Try loading font information for T1+lmtt on input line 1.

("C:\Program Files (x86)\MiKTeX 2.9\tex\latex\lm\t1lmtt.fd"
File: t1lmtt.fd 2009/10/30 v1.6 Font defs for Latin Modern
))) [15] [16


]
("D:\Dropbox\TU Delft - MSc System & Control\Graduation Project (Thesis)\Thesis
 Forms and Guide\DCSC Literature Style\mscLiterature.bbl" [17

]) [18]
("D:\Dropbox\TU Delft - MSc System & Control\Graduation Project (Thesis)\Thesis
 Forms and Guide\DCSC Literature Style\glossary.tex"
No file mscLiterature.nls.
) [19


] [20


]
No file mscLiterature.ind.
Package atveryend Info: Empty hook `BeforeClearDocument' on input line 83.
Package atveryend Info: Empty hook `AfterLastShipout' on input line 83.

("D:\Dropbox\TU Delft - MSc System & Control\Graduation Project (Thesis)\Thesis
 Forms and Guide\DCSC Literature Style\mscLiterature.aux"
("D:\Dropbox\TU Delft - MSc System & Control\Graduation Project (Thesis)\Thesis
 Forms and Guide\DCSC Literature Style\abstract.aux")
("D:\Dropbox\TU Delft - MSc System & Control\Graduation Project (Thesis)\Thesis
 Forms and Guide\DCSC Literature Style\preface.aux")
("D:\Dropbox\TU Delft - MSc System & Control\Graduation Project (Thesis)\Thesis
 Forms and Guide\DCSC Literature Style\acknowledgements.aux")
("D:\Dropbox\TU Delft - MSc System & Control\Graduation Project (Thesis)\Thesis
 Forms and Guide\DCSC Literature Style\dedication.aux")
("D:\Dropbox\TU Delft - MSc System & Control\Graduation Project (Thesis)\Thesis
 Forms and Guide\DCSC Literature Style\introduction.aux")
("D:\Dropbox\TU Delft - MSc System & Control\Graduation Project (Thesis)\Thesis
 Forms and Guide\DCSC Literature Style\rl_prelim.aux")
("D:\Dropbox\TU Delft - MSc System & Control\Graduation Project (Thesis)\Thesis
 Forms and Guide\DCSC Literature Style\survey.aux")
("D:\Dropbox\TU Delft - MSc System & Control\Graduation Project (Thesis)\Thesis
 Forms and Guide\DCSC Literature Style\simulation.aux")
("D:\Dropbox\TU Delft - MSc System & Control\Graduation Project (Thesis)\Thesis
 Forms and Guide\DCSC Literature Style\implementation.aux")
("D:\Dropbox\TU Delft - MSc System & Control\Graduation Project (Thesis)\Thesis
 Forms and Guide\DCSC Literature Style\conclusion.aux")
("D:\Dropbox\TU Delft - MSc System & Control\Graduation Project (Thesis)\Thesis
 Forms and Guide\DCSC Literature Style\app_back.aux")
("D:\Dropbox\TU Delft - MSc System & Control\Graduation Project (Thesis)\Thesis
 Forms and Guide\DCSC Literature Style\glossary.aux"))
Package atveryend Info: Executing hook `AtVeryEndDocument' on input line 83.
Package atveryend Info: Executing hook `AtEndAfterFileList' on input line 83.
Package rerunfilecheck Info: File `mscLiterature.out' has not changed.
(rerunfilecheck)             Checksum: D0206130E7F8835110B778E177AC7FAB;2950.
Package atveryend Info: Empty hook `AtVeryVeryEnd' on input line 83.
 ) 
Here is how much of TeX's memory you used:
 11017 strings out of 493921
 169102 string characters out of 3144864
 265503 words of memory out of 3000000
 13881 multiletter control sequences out of 15000+200000
 78958 words of font info for 57 fonts, out of 3000000 for 9000
 841 hyphenation exceptions out of 8191
 43i,15n,45p,1594b,1716s stack positions out of 5000i,500n,10000p,200000b,50000s
{C:/Program Files (x86)/MiKTeX 2.9/fonts/enc/dvips/lm/lm-ec.enc}{C:/Program F
iles (x86)/MiKTeX 2.9/fonts/enc/dvips/lm/lm-mathsy.enc}{C:/Program Files (x86)/
MiKTeX 2.9/fonts/enc/dvips/lm/lm-rm.enc}{C:/Program Files (x86)/MiKTeX 2.9/font
s/enc/dvips/lm/lm-mathit.enc}{C:/Program Files (x86)/MiKTeX 2.9/fonts/enc/dvips
/fontname/8r.enc}<C:/Program Files (x86)/MiKTeX 2.9/fonts/type1/public/lm/lmbx1
0.pfb><C:/Program Files (x86)/MiKTeX 2.9/fonts/type1/public/lm/lmcsc10.pfb><C:/
Program Files (x86)/MiKTeX 2.9/fonts/type1/public/lm/lmmi10.pfb><C:/Program Fil
es (x86)/MiKTeX 2.9/fonts/type1/public/lm/lmmi12.pfb><C:/Program Files (x86)/Mi
KTeX 2.9/fonts/type1/public/lm/lmmi8.pfb><C:/Program Files (x86)/MiKTeX 2.9/fon
ts/type1/public/lm/lmr10.pfb><C:/Program Files (x86)/MiKTeX 2.9/fonts/type1/pub
lic/lm/lmr12.pfb><C:/Program Files (x86)/MiKTeX 2.9/fonts/type1/public/lm/lmr17
.pfb><C:/Program Files (x86)/MiKTeX 2.9/fonts/type1/public/lm/lmr8.pfb><C:/Prog
ram Files (x86)/MiKTeX 2.9/fonts/type1/public/lm/lmri10.pfb><C:/Program Files (
x86)/MiKTeX 2.9/fonts/type1/public/lm/lmss10.pfb><C:/Program Files (x86)/MiKTeX
 2.9/fonts/type1/public/lm/lmss12.pfb><C:/Program Files (x86)/MiKTeX 2.9/fonts/
type1/public/lm/lmssbx10.pfb><C:/Program Files (x86)/MiKTeX 2.9/fonts/type1/pub
lic/lm/lmsy10.pfb><C:/Program Files (x86)/MiKTeX 2.9/fonts/type1/public/lm/lmsy
8.pfb><C:/Program Files (x86)/MiKTeX 2.9/fonts/type1/public/lm/lmtt10.pfb><C:/P
rogram Files (x86)/MiKTeX 2.9/fonts/type1/public/amsfonts/symbols/msbm10.pfb><C
:/Program Files (x86)/MiKTeX 2.9/fonts/type1/urw/bookman/ubkl8a.pfb>
Output written on mscLiterature.pdf (38 pages, 1196098 bytes).
PDF statistics:
 571 PDF objects out of 1000 (max. 8388607)
 133 named destinations out of 1000 (max. 500000)
 341 words of extra memory for PDF output out of 10000 (max. 10000000)

