This is pdfTeX, Version 3.1415926-2.5-1.40.14 (MiKTeX 2.9) (preloaded format=pdflatex 2014.11.6)  18 FEB 2015 09:30
entering extended mode
**presentation.tex

("D:\Dropbox\TU Delft - MSc System & Control\Graduation Project (Thesis)\Litera
ture Colloquium\TUDelft_Beamer\presentation.tex"
LaTeX2e <2011/06/27>
Babel <v3.8m> and hyphenation patterns for english, afrikaans, ancientgreek, ar
abic, armenian, assamese, basque, bengali, bokmal, bulgarian, catalan, coptic, 
croatian, czech, danish, dutch, esperanto, estonian, farsi, finnish, french, ga
lician, german, german-x-2013-05-26, greek, gujarati, hindi, hungarian, iceland
ic, indonesian, interlingua, irish, italian, kannada, kurmanji, latin, latvian,
 lithuanian, malayalam, marathi, mongolian, mongolianlmc, monogreek, ngerman, n
german-x-2013-05-26, nynorsk, oriya, panjabi, pinyin, polish, portuguese, roman
ian, russian, sanskrit, serbian, slovak, slovenian, spanish, swedish, swissgerm
an, tamil, telugu, turkish, turkmen, ukenglish, ukrainian, uppersorbian, usengl
ishmax, welsh, loaded.
("C:\Program Files (x86)\MiKTeX 2.9\tex\latex\beamer\base\beamer.cls"
("C:\Program Files (x86)\MiKTeX 2.9\tex\latex\beamer\base\beamerbasercs.sty"
Package: beamerbasercs 2013/12/25 (rcs-revision 31cc758a62ae)
)
Document Class: beamer 2013/12/02 3.33 A class for typesetting presentations (r
cs-revision 332bfd3ce558)
("C:\Program Files (x86)\MiKTeX 2.9\tex\latex\beamer\base\beamerbasemodes.sty"
Package: beamerbasemodes 2013/09/03 (rcs-revision 768f2d98ca64)
\beamer@tempbox=\box26
\beamer@tempcount=\count79
\c@beamerpauses=\count80

("C:\Program Files (x86)\MiKTeX 2.9\tex\latex\beamer\base\beamerbasedecode.sty"
Package: beamerbasedecode 2010/05/01 (rcs-revision efa082c6111d)
\beamer@slideinframe=\count81
\beamer@minimum=\count82
)
\beamer@commentbox=\box27
\beamer@modecount=\count83
) ("C:\Program Files (x86)\MiKTeX 2.9\tex\generic\oberdiek\ifpdf.sty"
Package: ifpdf 2011/01/30 v2.3 Provides the ifpdf switch (HO)
Package ifpdf Info: pdfTeX in PDF mode is detected.
)
\headheight=\dimen102
\headdp=\dimen103
\footheight=\dimen104
\sidebarheight=\dimen105
\beamer@tempdim=\dimen106
\beamer@finalheight=\dimen107
\beamer@animht=\dimen108
\beamer@animdp=\dimen109
\beamer@animwd=\dimen110
\beamer@leftmargin=\dimen111
\beamer@rightmargin=\dimen112
\beamer@leftsidebar=\dimen113
\beamer@rightsidebar=\dimen114
\beamer@boxsize=\dimen115
\beamer@vboxoffset=\dimen116
\beamer@descdefault=\dimen117
\beamer@descriptionwidth=\dimen118
\beamer@lastskip=\skip41
\beamer@areabox=\box28
\beamer@animcurrent=\box29
\beamer@animshowbox=\box30
\beamer@sectionbox=\box31
\beamer@logobox=\box32
\beamer@linebox=\box33
\beamer@sectioncount=\count84
\beamer@subsubsectionmax=\count85
\beamer@subsectionmax=\count86
\beamer@sectionmax=\count87
\beamer@totalheads=\count88
\beamer@headcounter=\count89
\beamer@partstartpage=\count90
\beamer@sectionstartpage=\count91
\beamer@subsectionstartpage=\count92
\beamer@animationtempa=\count93
\beamer@animationtempb=\count94
\beamer@xpos=\count95
\beamer@ypos=\count96
\beamer@showpartnumber=\count97
\beamer@currentsubsection=\count98
\beamer@coveringdepth=\count99
\beamer@sectionadjust=\count100
\beamer@tocsectionnumber=\count101

("C:\Program Files (x86)\MiKTeX 2.9\tex\latex\beamer\base\beamerbaseoptions.sty
"
Package: beamerbaseoptions 2013/03/10 (rcs-revision 47431932db0d)
 ("C:\Program Files (x86)\MiKTeX 2.9\tex\latex\graphics\keyval.sty"
Package: keyval 1999/03/16 v1.13 key=value parser (DPC)
\KV@toks@=\toks14
))
\beamer@paperwidth=\skip42
\beamer@paperheight=\skip43

("C:\Program Files (x86)\MiKTeX 2.9\tex\latex\geometry\geometry.sty"
Package: geometry 2010/09/12 v5.6 Page Geometry

("C:\Program Files (x86)\MiKTeX 2.9\tex\generic\oberdiek\ifvtex.sty"
Package: ifvtex 2010/03/01 v1.5 Detect VTeX and its facilities (HO)
Package ifvtex Info: VTeX not detected.
)
("C:\Program Files (x86)\MiKTeX 2.9\tex\generic\ifxetex\ifxetex.sty"
Package: ifxetex 2010/09/12 v0.6 Provides ifxetex conditional
)
\Gm@cnth=\count102
\Gm@cntv=\count103
\c@Gm@tempcnt=\count104
\Gm@bindingoffset=\dimen119
\Gm@wd@mp=\dimen120
\Gm@odd@mp=\dimen121
\Gm@even@mp=\dimen122
\Gm@layoutwidth=\dimen123
\Gm@layoutheight=\dimen124
\Gm@layouthoffset=\dimen125
\Gm@layoutvoffset=\dimen126
\Gm@dimlist=\toks15

("C:\Program Files (x86)\MiKTeX 2.9\tex\latex\geometry\geometry.cfg"))
("C:\Program Files (x86)\MiKTeX 2.9\tex\latex\base\size11.clo"
File: size11.clo 2007/10/19 v1.4h Standard LaTeX file (size option)
)
("C:\Program Files (x86)\MiKTeX 2.9\tex\latex\pgf\basiclayer\pgfcore.sty"
("C:\Program Files (x86)\MiKTeX 2.9\tex\latex\graphics\graphicx.sty"
Package: graphicx 1999/02/16 v1.0f Enhanced LaTeX Graphics (DPC,SPQR)

("C:\Program Files (x86)\MiKTeX 2.9\tex\latex\graphics\graphics.sty"
Package: graphics 2009/02/05 v1.0o Standard LaTeX Graphics (DPC,SPQR)

("C:\Program Files (x86)\MiKTeX 2.9\tex\latex\graphics\trig.sty"
Package: trig 1999/03/16 v1.09 sin cos tan (DPC)
)
("C:\Program Files (x86)\MiKTeX 2.9\tex\latex\00miktex\graphics.cfg"
File: graphics.cfg 2007/01/18 v1.5 graphics configuration of teTeX/TeXLive
)
Package graphics Info: Driver file: pdftex.def on input line 91.

("C:\Program Files (x86)\MiKTeX 2.9\tex\latex\pdftex-def\pdftex.def"
File: pdftex.def 2011/05/27 v0.06d Graphics/color for pdfTeX

("C:\Program Files (x86)\MiKTeX 2.9\tex\generic\oberdiek\infwarerr.sty"
Package: infwarerr 2010/04/08 v1.3 Providing info/warning/error messages (HO)
)
("C:\Program Files (x86)\MiKTeX 2.9\tex\generic\oberdiek\ltxcmds.sty"
Package: ltxcmds 2011/11/09 v1.22 LaTeX kernel commands for general use (HO)
)
\Gread@gobject=\count105
))
\Gin@req@height=\dimen127
\Gin@req@width=\dimen128
)
("C:\Program Files (x86)\MiKTeX 2.9\tex\latex\pgf\systemlayer\pgfsys.sty"
("C:\Program Files (x86)\MiKTeX 2.9\tex\latex\pgf\utilities\pgfrcs.sty"
("C:\Program Files (x86)\MiKTeX 2.9\tex\generic\pgf\utilities\pgfutil-common.te
x"
\pgfutil@everybye=\toks16
\pgfutil@tempdima=\dimen129
\pgfutil@tempdimb=\dimen130

("C:\Program Files (x86)\MiKTeX 2.9\tex\generic\pgf\utilities\pgfutil-common-li
sts.tex"))
("C:\Program Files (x86)\MiKTeX 2.9\tex\generic\pgf\utilities\pgfutil-latex.def
"
\pgfutil@abb=\box34
 ("C:\Program Files (x86)\MiKTeX 2.9\tex\latex\ms\everyshi.sty"
Package: everyshi 2001/05/15 v3.00 EveryShipout Package (MS)
))
("C:\Program Files (x86)\MiKTeX 2.9\tex\generic\pgf\utilities\pgfrcs.code.tex"
Package: pgfrcs 2013/12/20 v3.0.0 (rcs-revision 1.28)
))
("C:\Program Files (x86)\MiKTeX 2.9\tex\generic\pgf\systemlayer\pgfsys.code.tex
"
Package: pgfsys 2013/11/30 v3.0.0 (rcs-revision 1.47)
 ("C:\Program Files (x86)\MiKTeX 2.9\tex\generic\pgf\utilities\pgfkeys.code.tex
"
\pgfkeys@pathtoks=\toks17
\pgfkeys@temptoks=\toks18

("C:\Program Files (x86)\MiKTeX 2.9\tex\generic\pgf\utilities\pgfkeysfiltered.c
ode.tex"
\pgfkeys@tmptoks=\toks19
))
\pgf@x=\dimen131
\pgf@y=\dimen132
\pgf@xa=\dimen133
\pgf@ya=\dimen134
\pgf@xb=\dimen135
\pgf@yb=\dimen136
\pgf@xc=\dimen137
\pgf@yc=\dimen138
\w@pgf@writea=\write3
\r@pgf@reada=\read1
\c@pgf@counta=\count106
\c@pgf@countb=\count107
\c@pgf@countc=\count108
\c@pgf@countd=\count109
\t@pgf@toka=\toks20
\t@pgf@tokb=\toks21
\t@pgf@tokc=\toks22

("C:\Program Files (x86)\MiKTeX 2.9\tex\generic\pgf\systemlayer\pgf.cfg"
File: pgf.cfg 2008/05/14  (rcs-revision 1.7)
)
Driver file for pgf: pgfsys-pdftex.def

("C:\Program Files (x86)\MiKTeX 2.9\tex\generic\pgf\systemlayer\pgfsys-pdftex.d
ef"
File: pgfsys-pdftex.def 2013/07/18  (rcs-revision 1.33)

("C:\Program Files (x86)\MiKTeX 2.9\tex\generic\pgf\systemlayer\pgfsys-common-p
df.def"
File: pgfsys-common-pdf.def 2013/10/10  (rcs-revision 1.13)
)))
("C:\Program Files (x86)\MiKTeX 2.9\tex\generic\pgf\systemlayer\pgfsyssoftpath.
code.tex"
File: pgfsyssoftpath.code.tex 2013/09/09  (rcs-revision 1.9)
\pgfsyssoftpath@smallbuffer@items=\count110
\pgfsyssoftpath@bigbuffer@items=\count111
)
("C:\Program Files (x86)\MiKTeX 2.9\tex\generic\pgf\systemlayer\pgfsysprotocol.
code.tex"
File: pgfsysprotocol.code.tex 2006/10/16  (rcs-revision 1.4)
)) ("C:\Program Files (x86)\MiKTeX 2.9\tex\latex\xcolor\xcolor.sty"
Package: xcolor 2007/01/21 v2.11 LaTeX color extensions (UK)

("C:\Program Files (x86)\MiKTeX 2.9\tex\latex\00miktex\color.cfg"
File: color.cfg 2007/01/18 v1.5 color configuration of teTeX/TeXLive
)
Package xcolor Info: Driver file: pdftex.def on input line 225.
Package xcolor Info: Model `cmy' substituted by `cmy0' on input line 1337.
Package xcolor Info: Model `hsb' substituted by `rgb' on input line 1341.
Package xcolor Info: Model `RGB' extended on input line 1353.
Package xcolor Info: Model `HTML' substituted by `rgb' on input line 1355.
Package xcolor Info: Model `Hsb' substituted by `hsb' on input line 1356.
Package xcolor Info: Model `tHsb' substituted by `hsb' on input line 1357.
Package xcolor Info: Model `HSB' substituted by `hsb' on input line 1358.
Package xcolor Info: Model `Gray' substituted by `gray' on input line 1359.
Package xcolor Info: Model `wave' substituted by `hsb' on input line 1360.
)
("C:\Program Files (x86)\MiKTeX 2.9\tex\generic\pgf\basiclayer\pgfcore.code.tex
"
Package: pgfcore 2010/04/11 v3.0.0 (rcs-revision 1.7)
 ("C:\Program Files (x86)\MiKTeX 2.9\tex\generic\pgf\math\pgfmath.code.tex"
("C:\Program Files (x86)\MiKTeX 2.9\tex\generic\pgf\math\pgfmathcalc.code.tex"
("C:\Program Files (x86)\MiKTeX 2.9\tex\generic\pgf\math\pgfmathutil.code.tex")
("C:\Program Files (x86)\MiKTeX 2.9\tex\generic\pgf\math\pgfmathparser.code.tex
"
\pgfmath@dimen=\dimen139
\pgfmath@count=\count112
\pgfmath@box=\box35
\pgfmath@toks=\toks23
\pgfmath@stack@operand=\toks24
\pgfmath@stack@operation=\toks25
)
("C:\Program Files (x86)\MiKTeX 2.9\tex\generic\pgf\math\pgfmathfunctions.code.
tex"
("C:\Program Files (x86)\MiKTeX 2.9\tex\generic\pgf\math\pgfmathfunctions.basic
.code.tex")
("C:\Program Files (x86)\MiKTeX 2.9\tex\generic\pgf\math\pgfmathfunctions.trigo
nometric.code.tex")
("C:\Program Files (x86)\MiKTeX 2.9\tex\generic\pgf\math\pgfmathfunctions.rando
m.code.tex")
("C:\Program Files (x86)\MiKTeX 2.9\tex\generic\pgf\math\pgfmathfunctions.compa
rison.code.tex")
("C:\Program Files (x86)\MiKTeX 2.9\tex\generic\pgf\math\pgfmathfunctions.base.
code.tex")
("C:\Program Files (x86)\MiKTeX 2.9\tex\generic\pgf\math\pgfmathfunctions.round
.code.tex")
("C:\Program Files (x86)\MiKTeX 2.9\tex\generic\pgf\math\pgfmathfunctions.misc.
code.tex")
("C:\Program Files (x86)\MiKTeX 2.9\tex\generic\pgf\math\pgfmathfunctions.integ
erarithmetics.code.tex")))
("C:\Program Files (x86)\MiKTeX 2.9\tex\generic\pgf\math\pgfmathfloat.code.tex"
\c@pgfmathroundto@lastzeros=\count113
))
("C:\Program Files (x86)\MiKTeX 2.9\tex\generic\pgf\basiclayer\pgfcorepoints.co
de.tex"
File: pgfcorepoints.code.tex 2013/10/07  (rcs-revision 1.27)
\pgf@picminx=\dimen140
\pgf@picmaxx=\dimen141
\pgf@picminy=\dimen142
\pgf@picmaxy=\dimen143
\pgf@pathminx=\dimen144
\pgf@pathmaxx=\dimen145
\pgf@pathminy=\dimen146
\pgf@pathmaxy=\dimen147
\pgf@xx=\dimen148
\pgf@xy=\dimen149
\pgf@yx=\dimen150
\pgf@yy=\dimen151
\pgf@zx=\dimen152
\pgf@zy=\dimen153
)
("C:\Program Files (x86)\MiKTeX 2.9\tex\generic\pgf\basiclayer\pgfcorepathconst
ruct.code.tex"
File: pgfcorepathconstruct.code.tex 2013/10/07  (rcs-revision 1.29)
\pgf@path@lastx=\dimen154
\pgf@path@lasty=\dimen155
)
("C:\Program Files (x86)\MiKTeX 2.9\tex\generic\pgf\basiclayer\pgfcorepathusage
.code.tex"
File: pgfcorepathusage.code.tex 2013/12/13  (rcs-revision 1.23)
\pgf@shorten@end@additional=\dimen156
\pgf@shorten@start@additional=\dimen157
)
("C:\Program Files (x86)\MiKTeX 2.9\tex\generic\pgf\basiclayer\pgfcorescopes.co
de.tex"
File: pgfcorescopes.code.tex 2013/10/09  (rcs-revision 1.44)
\pgfpic=\box36
\pgf@hbox=\box37
\pgf@layerbox@main=\box38
\pgf@picture@serial@count=\count114
)
("C:\Program Files (x86)\MiKTeX 2.9\tex\generic\pgf\basiclayer\pgfcoregraphicst
ate.code.tex"
File: pgfcoregraphicstate.code.tex 2013/09/19  (rcs-revision 1.11)
\pgflinewidth=\dimen158
)
("C:\Program Files (x86)\MiKTeX 2.9\tex\generic\pgf\basiclayer\pgfcoretransform
ations.code.tex"
File: pgfcoretransformations.code.tex 2013/10/10  (rcs-revision 1.17)
\pgf@pt@x=\dimen159
\pgf@pt@y=\dimen160
\pgf@pt@temp=\dimen161
)
("C:\Program Files (x86)\MiKTeX 2.9\tex\generic\pgf\basiclayer\pgfcorequick.cod
e.tex"
File: pgfcorequick.code.tex 2008/10/09  (rcs-revision 1.3)
)
("C:\Program Files (x86)\MiKTeX 2.9\tex\generic\pgf\basiclayer\pgfcoreobjects.c
ode.tex"
File: pgfcoreobjects.code.tex 2006/10/11  (rcs-revision 1.2)
)
("C:\Program Files (x86)\MiKTeX 2.9\tex\generic\pgf\basiclayer\pgfcorepathproce
ssing.code.tex"
File: pgfcorepathprocessing.code.tex 2013/09/09  (rcs-revision 1.9)
)
("C:\Program Files (x86)\MiKTeX 2.9\tex\generic\pgf\basiclayer\pgfcorearrows.co
de.tex"
File: pgfcorearrows.code.tex 2013/11/07  (rcs-revision 1.40)
\pgfarrowsep=\dimen162
)
("C:\Program Files (x86)\MiKTeX 2.9\tex\generic\pgf\basiclayer\pgfcoreshade.cod
e.tex"
File: pgfcoreshade.code.tex 2013/07/15  (rcs-revision 1.15)
\pgf@max=\dimen163
\pgf@sys@shading@range@num=\count115
)
("C:\Program Files (x86)\MiKTeX 2.9\tex\generic\pgf\basiclayer\pgfcoreimage.cod
e.tex"
File: pgfcoreimage.code.tex 2013/07/15  (rcs-revision 1.18)

("C:\Program Files (x86)\MiKTeX 2.9\tex\generic\pgf\basiclayer\pgfcoreexternal.
code.tex"
File: pgfcoreexternal.code.tex 2013/07/15  (rcs-revision 1.20)
\pgfexternal@startupbox=\box39
))
("C:\Program Files (x86)\MiKTeX 2.9\tex\generic\pgf\basiclayer\pgfcorelayers.co
de.tex"
File: pgfcorelayers.code.tex 2013/07/18  (rcs-revision 1.7)
)
("C:\Program Files (x86)\MiKTeX 2.9\tex\generic\pgf\basiclayer\pgfcoretranspare
ncy.code.tex"
File: pgfcoretransparency.code.tex 2013/09/30  (rcs-revision 1.5)
)
("C:\Program Files (x86)\MiKTeX 2.9\tex\generic\pgf\basiclayer\pgfcorepatterns.
code.tex"
File: pgfcorepatterns.code.tex 2013/11/07  (rcs-revision 1.5)
)))
("C:\Program Files (x86)\MiKTeX 2.9\tex\latex\pgf\utilities\xxcolor.sty"
Package: xxcolor 2003/10/24 ver 0.1
\XC@nummixins=\count116
\XC@countmixins=\count117
)
("C:\Program Files (x86)\MiKTeX 2.9\tex\generic\oberdiek\atbegshi.sty"
Package: atbegshi 2011/10/05 v1.16 At begin shipout hook (HO)
)
("C:\Program Files (x86)\MiKTeX 2.9\tex\latex\hyperref\hyperref.sty"
Package: hyperref 2012/11/06 v6.83m Hypertext links for LaTeX

("C:\Program Files (x86)\MiKTeX 2.9\tex\generic\oberdiek\hobsub-hyperref.sty"
Package: hobsub-hyperref 2012/04/25 v1.12 Bundle oberdiek, subset hyperref (HO)


("C:\Program Files (x86)\MiKTeX 2.9\tex\generic\oberdiek\hobsub-generic.sty"
Package: hobsub-generic 2012/04/25 v1.12 Bundle oberdiek, subset generic (HO)
Package: hobsub 2012/04/25 v1.12 Construct package bundles (HO)
Package hobsub Info: Skipping package `infwarerr' (already loaded).
Package hobsub Info: Skipping package `ltxcmds' (already loaded).
Package: ifluatex 2010/03/01 v1.3 Provides the ifluatex switch (HO)
Package ifluatex Info: LuaTeX not detected.
Package hobsub Info: Skipping package `ifvtex' (already loaded).
Package: intcalc 2007/09/27 v1.1 Expandable calculations with integers (HO)
Package hobsub Info: Skipping package `ifpdf' (already loaded).
Package: etexcmds 2011/02/16 v1.5 Avoid name clashes with e-TeX commands (HO)
Package etexcmds Info: Could not find \expanded.
(etexcmds)             That can mean that you are not using pdfTeX 1.50 or
(etexcmds)             that some package has redefined \expanded.
(etexcmds)             In the latter case, load this package earlier.
Package: kvsetkeys 2012/04/25 v1.16 Key value parser (HO)
Package: kvdefinekeys 2011/04/07 v1.3 Define keys (HO)
Package: pdftexcmds 2011/11/29 v0.20 Utility functions of pdfTeX for LuaTeX (HO
)
Package pdftexcmds Info: LuaTeX not detected.
Package pdftexcmds Info: \pdf@primitive is available.
Package pdftexcmds Info: \pdf@ifprimitive is available.
Package pdftexcmds Info: \pdfdraftmode found.
Package: pdfescape 2011/11/25 v1.13 Implements pdfTeX's escape features (HO)
Package: bigintcalc 2012/04/08 v1.3 Expandable calculations on big integers (HO
)
Package: bitset 2011/01/30 v1.1 Handle bit-vector datatype (HO)
Package: uniquecounter 2011/01/30 v1.2 Provide unlimited unique counter (HO)
)
Package hobsub Info: Skipping package `hobsub' (already loaded).
Package: letltxmacro 2010/09/02 v1.4 Let assignment for LaTeX macros (HO)
Package: hopatch 2011/06/24 v1.1 Wrapper for package hooks (HO)
Package: xcolor-patch 2011/01/30 xcolor patch
Package: atveryend 2011/06/30 v1.8 Hooks at the very end of document (HO)
Package atveryend Info: \enddocument detected (standard20110627).
Package hobsub Info: Skipping package `atbegshi' (already loaded).
Package: refcount 2011/10/16 v3.4 Data extraction from label references (HO)
Package: hycolor 2011/01/30 v1.7 Color options for hyperref/bookmark (HO)
)
("C:\Program Files (x86)\MiKTeX 2.9\tex\latex\oberdiek\auxhook.sty"
Package: auxhook 2011/03/04 v1.3 Hooks for auxiliary files (HO)
)
("C:\Program Files (x86)\MiKTeX 2.9\tex\latex\oberdiek\kvoptions.sty"
Package: kvoptions 2011/06/30 v3.11 Key value format for package options (HO)
)
\@linkdim=\dimen164
\Hy@linkcounter=\count118
\Hy@pagecounter=\count119

("C:\Program Files (x86)\MiKTeX 2.9\tex\latex\hyperref\pd1enc.def"
File: pd1enc.def 2012/11/06 v6.83m Hyperref: PDFDocEncoding definition (HO)
)
\Hy@SavedSpaceFactor=\count120

("C:\Program Files (x86)\MiKTeX 2.9\tex\latex\00miktex\hyperref.cfg"
File: hyperref.cfg 2002/06/06 v1.2 hyperref configuration of TeXLive
)
Package hyperref Info: Option `bookmarks' set `true' on input line 4319.
Package hyperref Info: Option `bookmarksopen' set `true' on input line 4319.
Package hyperref Info: Option `implicit' set `false' on input line 4319.
Package hyperref Info: Hyper figures OFF on input line 4443.
Package hyperref Info: Link nesting OFF on input line 4448.
Package hyperref Info: Hyper index ON on input line 4451.
Package hyperref Info: Plain pages OFF on input line 4458.
Package hyperref Info: Backreferencing OFF on input line 4463.
Package hyperref Info: Implicit mode OFF; no redefinition of LaTeX internals.
Package hyperref Info: Bookmarks ON on input line 4688.
\c@Hy@tempcnt=\count121

("C:\Program Files (x86)\MiKTeX 2.9\tex\latex\url\url.sty"
\Urlmuskip=\muskip10
Package: url 2013/09/16  ver 3.4  Verb mode for urls, etc.
)
LaTeX Info: Redefining \url on input line 5041.
\XeTeXLinkMargin=\dimen165
\Fld@menulength=\count122
\Field@Width=\dimen166
\Fld@charsize=\dimen167
Package hyperref Info: Hyper figures OFF on input line 6295.
Package hyperref Info: Link nesting OFF on input line 6300.
Package hyperref Info: Hyper index ON on input line 6303.
Package hyperref Info: backreferencing OFF on input line 6310.
Package hyperref Info: Link coloring OFF on input line 6315.
Package hyperref Info: Link coloring with OCG OFF on input line 6320.
Package hyperref Info: PDF/A mode OFF on input line 6325.
LaTeX Info: Redefining \ref on input line 6365.
LaTeX Info: Redefining \pageref on input line 6369.
\Hy@abspage=\count123


Package hyperref Message: Stopped early.

)

Package hyperref Message: Driver (autodetected): hpdftex.

("C:\Program Files (x86)\MiKTeX 2.9\tex\latex\hyperref\hpdftex.def"
File: hpdftex.def 2012/11/06 v6.83m Hyperref driver for pdfTeX
\Fld@listcount=\count124
\c@bookmark@seq@number=\count125

("C:\Program Files (x86)\MiKTeX 2.9\tex\latex\oberdiek\rerunfilecheck.sty"
Package: rerunfilecheck 2011/04/15 v1.7 Rerun checks for auxiliary files (HO)
Package uniquecounter Info: New unique counter `rerunfilecheck' on input line 2
82.
))
("C:\Program Files (x86)\MiKTeX 2.9\tex\latex\beamer\base\beamerbaserequires.st
y"
Package: beamerbaserequires 2010/05/01  (rcs-revision efa082c6111d)

("C:\Program Files (x86)\MiKTeX 2.9\tex\latex\beamer\base\beamerbasecompatibili
ty.sty"
Package: beamerbasecompatibility 2012/05/01  (rcs-revision 67c48b3b652d)
)
("C:\Program Files (x86)\MiKTeX 2.9\tex\latex\beamer\base\beamerbasefont.sty"
Package: beamerbasefont 2013/10/18  (rcs-revision 72f39e01808a)

("C:\Program Files (x86)\MiKTeX 2.9\tex\latex\amsfonts\amssymb.sty"
Package: amssymb 2013/01/14 v3.01 AMS font symbols

("C:\Program Files (x86)\MiKTeX 2.9\tex\latex\amsfonts\amsfonts.sty"
Package: amsfonts 2013/01/14 v3.01 Basic AMSFonts support
\@emptytoks=\toks26
\symAMSa=\mathgroup4
\symAMSb=\mathgroup5
LaTeX Font Info:    Overwriting math alphabet `\mathfrak' in version `bold'
(Font)                  U/euf/m/n --> U/euf/b/n on input line 106.
))
("C:\Program Files (x86)\MiKTeX 2.9\tex\latex\sansmathaccent\sansmathaccent.sty
"
Package: sansmathaccent 2013/03/28
 ("C:\Program Files (x86)\MiKTeX 2.9\tex\latex\filehook\filehook.sty"
Package: filehook 2011/10/12 v0.5d Hooks for input files
)))
("C:\Program Files (x86)\MiKTeX 2.9\tex\latex\beamer\base\beamerbasetranslator.
sty"
Package: beamerbasetranslator 2010/06/11  (rcs-revision 85fd1cc7fc42)

("C:\Program Files (x86)\MiKTeX 2.9\tex\latex\beamer\base\translator\translator
.sty"
Package: translator 2010/06/12 ver 1.10

("C:\Program Files (x86)\MiKTeX 2.9\tex\latex\beamer\base\translator\translator
-language-mappings.tex")))
("C:\Program Files (x86)\MiKTeX 2.9\tex\latex\beamer\base\beamerbasemisc.sty"
Package: beamerbasemisc 2013/09/03  (rcs-revision a55719c41d85)
)
("C:\Program Files (x86)\MiKTeX 2.9\tex\latex\beamer\base\beamerbasetwoscreens.
sty"
Package: beamerbasetwoscreens 2010/05/01  (rcs-revision efa082c6111d)
)
("C:\Program Files (x86)\MiKTeX 2.9\tex\latex\beamer\base\beamerbaseoverlay.sty
"
Package: beamerbaseoverlay 2013/12/25  (rcs-revision f6bd5e3805da)
\beamer@argscount=\count126
\beamer@lastskipcover=\skip44
\beamer@trivlistdepth=\count127
) ("C:\Program Files (x86)\MiKTeX 2.9\tex\latex\beamer\base\beamerbasetitle.sty
"
Package: beamerbasetitle 2010/09/21  (rcs-revision f0446ed0b6ae)
)
("C:\Program Files (x86)\MiKTeX 2.9\tex\latex\beamer\base\beamerbasesection.sty
"
Package: beamerbasesection 2013/06/07  (rcs-revision 60b9fe0f342f)
\c@lecture=\count128
\c@part=\count129
\c@section=\count130
\c@subsection=\count131
\c@subsubsection=\count132
) ("C:\Program Files (x86)\MiKTeX 2.9\tex\latex\beamer\base\beamerbaseframe.sty
"
Package: beamerbaseframe 2013/10/02  (rcs-revision cdc8e9a3aaac)
\beamer@framebox=\box40
\beamer@frametitlebox=\box41
\beamer@zoombox=\box42
\beamer@zoomcount=\count133
\beamer@zoomframecount=\count134
\beamer@frametextheight=\dimen168
\c@subsectionslide=\count135
\beamer@frametopskip=\skip45
\beamer@framebottomskip=\skip46
\beamer@frametopskipautobreak=\skip47
\beamer@framebottomskipautobreak=\skip48
\beamer@envbody=\toks27
\framewidth=\dimen169
\c@framenumber=\count136
)
("C:\Program Files (x86)\MiKTeX 2.9\tex\latex\beamer\base\beamerbaseverbatim.st
y"
Package: beamerbaseverbatim 2012/08/30  (rcs-revision dfdb135076b3)
\beamer@verbatimfileout=\write4
)
("C:\Program Files (x86)\MiKTeX 2.9\tex\latex\beamer\base\beamerbaseframesize.s
ty"
Package: beamerbaseframesize 2011/09/12  (rcs-revision 70f9d8411e54)
\beamer@splitbox=\box43
\beamer@autobreakcount=\count137
\beamer@autobreaklastheight=\dimen170
\beamer@frametitletoks=\toks28
\beamer@framesubtitletoks=\toks29
)
("C:\Program Files (x86)\MiKTeX 2.9\tex\latex\beamer\base\beamerbaseframecompon
ents.sty"
Package: beamerbaseframecomponents 2013/10/18  (rcs-revision 5cf6c5555a45)
\beamer@footins=\box44
)
("C:\Program Files (x86)\MiKTeX 2.9\tex\latex\beamer\base\beamerbasecolor.sty"
Package: beamerbasecolor 2010/06/06  (rcs-revision d1a9b48be06d)
) ("C:\Program Files (x86)\MiKTeX 2.9\tex\latex\beamer\base\beamerbasenotes.sty
"
Package: beamerbasenotes 2012/12/19  (rcs-revision 1686da3db3c9)
\beamer@frameboxcopy=\box45
) ("C:\Program Files (x86)\MiKTeX 2.9\tex\latex\beamer\base\beamerbasetoc.sty"
Package: beamerbasetoc 2013/05/23  (rcs-revision 0fdf5bc43be8)
)
("C:\Program Files (x86)\MiKTeX 2.9\tex\latex\beamer\base\beamerbasetemplates.s
ty"
Package: beamerbasetemplates 2010/05/01  (rcs-revision efa082c6111d)
\beamer@sbttoks=\toks30

("C:\Program Files (x86)\MiKTeX 2.9\tex\latex\beamer\base\beamerbaseauxtemplate
s.sty"
Package: beamerbaseauxtemplates 2013/09/04  (rcs-revision 4ac715c499d0)

("C:\Program Files (x86)\MiKTeX 2.9\tex\latex\beamer\base\beamerbaseboxes.sty"
Package: beamerbaseboxes 2012/05/13  (rcs-revision 56972908a390)
\bmb@box=\box46
\bmb@colorbox=\box47
\bmb@boxshadow=\box48
\bmb@boxshadowball=\box49
\bmb@boxshadowballlarge=\box50
\bmb@temp=\dimen171
\bmb@dima=\dimen172
\bmb@dimb=\dimen173
\bmb@prevheight=\dimen174
)
\beamer@blockheadheight=\dimen175
))
("C:\Program Files (x86)\MiKTeX 2.9\tex\latex\beamer\base\beamerbaselocalstruct
ure.sty"
Package: beamerbaselocalstructure 2013/09/04  (rcs-revision 4ac715c499d0)
 ("C:\Program Files (x86)\MiKTeX 2.9\tex\latex\tools\enumerate.sty"
Package: enumerate 1999/03/05 v3.00 enumerate extensions (DPC)
\@enLab=\toks31
)
\c@figure=\count138
\c@table=\count139
\abovecaptionskip=\skip49
\belowcaptionskip=\skip50
)
("C:\Program Files (x86)\MiKTeX 2.9\tex\latex\beamer\base\beamerbasenavigation.
sty"
Package: beamerbasenavigation 2013/10/05  (rcs-revision 62be157fe783)
\beamer@section@min@dim=\dimen176
)
("C:\Program Files (x86)\MiKTeX 2.9\tex\latex\beamer\base\beamerbasetheorems.st
y"
Package: beamerbasetheorems 2010/06/06  (rcs-revision 7e7cc5e53e9d)
 ("C:\Program Files (x86)\MiKTeX 2.9\tex\latex\amsmath\amsmath.sty"
Package: amsmath 2013/01/14 v2.14 AMS math features
\@mathmargin=\skip51

For additional information on amsmath, use the `?' option.
("C:\Program Files (x86)\MiKTeX 2.9\tex\latex\amsmath\amstext.sty"
Package: amstext 2000/06/29 v2.01

("C:\Program Files (x86)\MiKTeX 2.9\tex\latex\amsmath\amsgen.sty"
File: amsgen.sty 1999/11/30 v2.0
\@emptytoks=\toks32
\ex@=\dimen177
))
("C:\Program Files (x86)\MiKTeX 2.9\tex\latex\amsmath\amsbsy.sty"
Package: amsbsy 1999/11/29 v1.2d
\pmbraise@=\dimen178
)
("C:\Program Files (x86)\MiKTeX 2.9\tex\latex\amsmath\amsopn.sty"
Package: amsopn 1999/12/14 v2.01 operator names
)
\inf@bad=\count140
LaTeX Info: Redefining \frac on input line 210.
\uproot@=\count141
\leftroot@=\count142
LaTeX Info: Redefining \overline on input line 306.
\classnum@=\count143
\DOTSCASE@=\count144
LaTeX Info: Redefining \ldots on input line 378.
LaTeX Info: Redefining \dots on input line 381.
LaTeX Info: Redefining \cdots on input line 466.
\Mathstrutbox@=\box51
\strutbox@=\box52
\big@size=\dimen179
LaTeX Font Info:    Redeclaring font encoding OML on input line 566.
LaTeX Font Info:    Redeclaring font encoding OMS on input line 567.
\macc@depth=\count145
\c@MaxMatrixCols=\count146
\dotsspace@=\muskip11
\c@parentequation=\count147
\dspbrk@lvl=\count148
\tag@help=\toks33
\row@=\count149
\column@=\count150
\maxfields@=\count151
\andhelp@=\toks34
\eqnshift@=\dimen180
\alignsep@=\dimen181
\tagshift@=\dimen182
\tagwidth@=\dimen183
\totwidth@=\dimen184
\lineht@=\dimen185
\@envbody=\toks35
\multlinegap=\skip52
\multlinetaggap=\skip53
\mathdisplay@stack=\toks36
LaTeX Info: Redefining \[ on input line 2665.
LaTeX Info: Redefining \] on input line 2666.
)
("C:\Program Files (x86)\MiKTeX 2.9\tex\latex\amscls\amsthm.sty"
Package: amsthm 2004/08/06 v2.20
\thm@style=\toks37
\thm@bodyfont=\toks38
\thm@headfont=\toks39
\thm@notefont=\toks40
\thm@headpunct=\toks41
\thm@preskip=\skip54
\thm@postskip=\skip55
\thm@headsep=\skip56
\dth@everypar=\toks42
)
\c@theorem=\count152
)
("C:\Program Files (x86)\MiKTeX 2.9\tex\latex\beamer\base\beamerbasethemes.sty"
Package: beamerbasethemes 2010/05/01  (rcs-revision efa082c6111d)
))
("C:\Program Files (x86)\MiKTeX 2.9\tex\latex\beamer\base\themes\theme\beamerth
emedefault.sty"
Package: beamerthemedefault 2010/06/17  (rcs-revision d02a7cf4d8ae)

("C:\Program Files (x86)\MiKTeX 2.9\tex\latex\beamer\base\themes\font\beamerfon
tthemedefault.sty"
Package: beamerfontthemedefault 2012/12/19  (rcs-revision 1686da3db3c9)
)
("C:\Program Files (x86)\MiKTeX 2.9\tex\latex\beamer\base\themes\color\beamerco
lorthemedefault.sty"
Package: beamercolorthemedefault 2012/12/19  (rcs-revision 1686da3db3c9)
)
("C:\Program Files (x86)\MiKTeX 2.9\tex\latex\beamer\base\themes\inner\beamerin
nerthemedefault.sty"
Package: beamerinnerthemedefault 2013/10/15  (rcs-revision 65cb471f9634)
\beamer@dima=\dimen186
\beamer@dimb=\dimen187
)
("C:\Program Files (x86)\MiKTeX 2.9\tex\latex\beamer\base\themes\outer\beamerou
terthemedefault.sty"
Package: beamerouterthemedefault 2012/12/19  (rcs-revision 1686da3db3c9)
)))
("C:\Program Files (x86)\MiKTeX 2.9\tex\generic\babel\babel.sty"
Package: babel 2008/07/08 v3.8m The Babel package

*************************************
* Local config file bblopts.cfg used
*
("C:\Program Files (x86)\MiKTeX 2.9\tex\latex\00miktex\bblopts.cfg"
File: bblopts.cfg 2006/07/31 v1.0 MiKTeX 'babel' configuration
)
("C:\Program Files (x86)\MiKTeX 2.9\tex\generic\babel\english.ldf"
Language: english 2005/03/30 v3.3o English support from the babel system

("C:\Program Files (x86)\MiKTeX 2.9\tex\generic\babel\babel.def"
File: babel.def 2008/07/08 v3.8m Babel common definitions
LaTeX Info: Redefining \textlatin on input line 82.
\babel@savecnt=\count153
\U@D=\dimen188
)
\l@canadian = a dialect from \language\l@american 
\l@australian = a dialect from \language\l@british 
\l@newzealand = a dialect from \language\l@british 
))
("C:\Program Files (x86)\MiKTeX 2.9\tex\latex\algorithms\algorithm.sty"
Package: algorithm 2009/08/24 v0.1 Document Style `algorithm' - floating enviro
nment

("C:\Program Files (x86)\MiKTeX 2.9\tex\latex\float\float.sty"
Package: float 2001/11/08 v1.3d Float enhancements (AL)
\c@float@type=\count154
\float@exts=\toks43
\float@box=\box53
\@float@everytoks=\toks44
\@floatcapt=\box54
)
("C:\Program Files (x86)\MiKTeX 2.9\tex\latex\base\ifthen.sty"
Package: ifthen 2001/05/26 v1.1c Standard LaTeX ifthen package (DPC)
)
\@float@every@algorithm=\toks45
\c@algorithm=\count155
)
("C:\Program Files (x86)\MiKTeX 2.9\tex\latex\algorithms\algorithmic.sty"
Package: algorithmic 2009/08/24 v0.1 Document Style `algorithmic'
\c@ALC@unique=\count156
\c@ALC@line=\count157
\c@ALC@rem=\count158
\c@ALC@depth=\count159
\ALC@tlm=\skip57
\algorithmicindent=\skip58
)
("C:\Program Files (x86)\MiKTeX 2.9\tex\latex\tools\calc.sty"
Package: calc 2007/08/22 v4.3 Infix arithmetic (KKT,FJ)
\calc@Acount=\count160
\calc@Bcount=\count161
\calc@Adimen=\dimen189
\calc@Bdimen=\dimen190
\calc@Askip=\skip59
\calc@Bskip=\skip60
LaTeX Info: Redefining \setlength on input line 76.
LaTeX Info: Redefining \addtolength on input line 77.
\calc@Ccount=\count162
\calc@Cskip=\skip61
)
("C:\Program Files (x86)\MiKTeX 2.9\tex\latex\textpos\textpos.sty"
Package: textpos 2014/01/03 v1.7j

Package: textpos 2014/01/03 1.7j, absolute positioning of text on the page
\TP@textbox=\box55
\TP@holdbox=\box56
\TPHorizModule=\dimen191
\TPVertModule=\dimen192
\TP@margin=\dimen193
\TP@absmargin=\dimen194
Grid set 16 x 16 = 22.7622pt x 17.07166pt
\TPboxrulesize=\dimen195
\TP@ox=\dimen196
\TP@oy=\dimen197
\TP@tbargs=\toks46
\TP@prevdepth=\dimen198
TextBlockOrigin set to 0pt x 0pt
)
("D:\Dropbox\TU Delft - MSc System & Control\Graduation Project (Thesis)\Litera
ture Colloquium\TUDelft_Beamer\beamerthemetud.sty"
("D:\Dropbox\TU Delft - MSc System & Control\Graduation Project (Thesis)\Litera
ture Colloquium\TUDelft_Beamer\beamerfontthemetud.sty")
("D:\Dropbox\TU Delft - MSc System & Control\Graduation Project (Thesis)\Litera
ture Colloquium\TUDelft_Beamer\beamercolorthemetud.sty")
("D:\Dropbox\TU Delft - MSc System & Control\Graduation Project (Thesis)\Litera
ture Colloquium\TUDelft_Beamer\beamerinnerthemetud.sty")
("D:\Dropbox\TU Delft - MSc System & Control\Graduation Project (Thesis)\Litera
ture Colloquium\TUDelft_Beamer\beamerouterthemetud.sty"))
("C:\Program Files (x86)\MiKTeX 2.9\tex\latex\base\fontenc.sty"
Package: fontenc 2005/09/27 v1.99g Standard LaTeX package

("C:\Program Files (x86)\MiKTeX 2.9\tex\latex\base\t1enc.def"
File: t1enc.def 2005/09/27 v1.99g Standard LaTeX file
LaTeX Font Info:    Redeclaring font encoding T1 on input line 43.
))
("C:\Program Files (x86)\MiKTeX 2.9\tex\latex\arev\arev.sty"
Package: arev 2005/06/14 0.1 Arev Sans package

("C:\Program Files (x86)\MiKTeX 2.9\tex\latex\arev\arevtext.sty"
Package: arevtext 2005/09/01 0.1 Arev Sans Text package

("C:\Program Files (x86)\MiKTeX 2.9\tex\latex\base\fontenc.sty"
Package: fontenc 2005/09/27 v1.99g Standard LaTeX package

("C:\Program Files (x86)\MiKTeX 2.9\tex\latex\base\t1enc.def"
File: t1enc.def 2005/09/27 v1.99g Standard LaTeX file
LaTeX Font Info:    Redeclaring font encoding T1 on input line 43.
))
("C:\Program Files (x86)\MiKTeX 2.9\tex\latex\base\textcomp.sty"
Package: textcomp 2005/09/27 v1.99g Standard LaTeX package
Package textcomp Info: Sub-encoding information:
(textcomp)               5 = only ISO-Adobe without \textcurrency
(textcomp)               4 = 5 + \texteuro
(textcomp)               3 = 4 + \textohm
(textcomp)               2 = 3 + \textestimated + \textcurrency
(textcomp)               1 = TS1 - \textcircled - \t
(textcomp)               0 = TS1 (full)
(textcomp)             Font families with sub-encoding setting implement
(textcomp)             only a restricted character set as indicated.
(textcomp)             Family '?' is the default used for unknown fonts.
(textcomp)             See the documentation for details.
Package textcomp Info: Setting ? sub-encoding to TS1/1 on input line 71.

("C:\Program Files (x86)\MiKTeX 2.9\tex\latex\base\ts1enc.def"
File: ts1enc.def 2001/06/05 v3.0e (jk/car/fm) Standard LaTeX file
)
LaTeX Info: Redefining \oldstylenums on input line 266.
Package textcomp Info: Setting cmr sub-encoding to TS1/0 on input line 281.
Package textcomp Info: Setting cmss sub-encoding to TS1/0 on input line 282.
Package textcomp Info: Setting cmtt sub-encoding to TS1/0 on input line 283.
Package textcomp Info: Setting cmvtt sub-encoding to TS1/0 on input line 284.
Package textcomp Info: Setting cmbr sub-encoding to TS1/0 on input line 285.
Package textcomp Info: Setting cmtl sub-encoding to TS1/0 on input line 286.
Package textcomp Info: Setting ccr sub-encoding to TS1/0 on input line 287.
Package textcomp Info: Setting ptm sub-encoding to TS1/4 on input line 288.
Package textcomp Info: Setting pcr sub-encoding to TS1/4 on input line 289.
Package textcomp Info: Setting phv sub-encoding to TS1/4 on input line 290.
Package textcomp Info: Setting ppl sub-encoding to TS1/3 on input line 291.
Package textcomp Info: Setting pag sub-encoding to TS1/4 on input line 292.
Package textcomp Info: Setting pbk sub-encoding to TS1/4 on input line 293.
Package textcomp Info: Setting pnc sub-encoding to TS1/4 on input line 294.
Package textcomp Info: Setting pzc sub-encoding to TS1/4 on input line 295.
Package textcomp Info: Setting bch sub-encoding to TS1/4 on input line 296.
Package textcomp Info: Setting put sub-encoding to TS1/5 on input line 297.
Package textcomp Info: Setting uag sub-encoding to TS1/5 on input line 298.
Package textcomp Info: Setting ugq sub-encoding to TS1/5 on input line 299.
Package textcomp Info: Setting ul8 sub-encoding to TS1/4 on input line 300.
Package textcomp Info: Setting ul9 sub-encoding to TS1/4 on input line 301.
Package textcomp Info: Setting augie sub-encoding to TS1/5 on input line 302.
Package textcomp Info: Setting dayrom sub-encoding to TS1/3 on input line 303.
Package textcomp Info: Setting dayroms sub-encoding to TS1/3 on input line 304.

Package textcomp Info: Setting pxr sub-encoding to TS1/0 on input line 305.
Package textcomp Info: Setting pxss sub-encoding to TS1/0 on input line 306.
Package textcomp Info: Setting pxtt sub-encoding to TS1/0 on input line 307.
Package textcomp Info: Setting txr sub-encoding to TS1/0 on input line 308.
Package textcomp Info: Setting txss sub-encoding to TS1/0 on input line 309.
Package textcomp Info: Setting txtt sub-encoding to TS1/0 on input line 310.
Package textcomp Info: Setting lmr sub-encoding to TS1/0 on input line 311.
Package textcomp Info: Setting lmdh sub-encoding to TS1/0 on input line 312.
Package textcomp Info: Setting lmss sub-encoding to TS1/0 on input line 313.
Package textcomp Info: Setting lmssq sub-encoding to TS1/0 on input line 314.
Package textcomp Info: Setting lmvtt sub-encoding to TS1/0 on input line 315.
Package textcomp Info: Setting qhv sub-encoding to TS1/0 on input line 316.
Package textcomp Info: Setting qag sub-encoding to TS1/0 on input line 317.
Package textcomp Info: Setting qbk sub-encoding to TS1/0 on input line 318.
Package textcomp Info: Setting qcr sub-encoding to TS1/0 on input line 319.
Package textcomp Info: Setting qcs sub-encoding to TS1/0 on input line 320.
Package textcomp Info: Setting qpl sub-encoding to TS1/0 on input line 321.
Package textcomp Info: Setting qtm sub-encoding to TS1/0 on input line 322.
Package textcomp Info: Setting qzc sub-encoding to TS1/0 on input line 323.
Package textcomp Info: Setting qhvc sub-encoding to TS1/0 on input line 324.
Package textcomp Info: Setting futs sub-encoding to TS1/4 on input line 325.
Package textcomp Info: Setting futx sub-encoding to TS1/4 on input line 326.
Package textcomp Info: Setting futj sub-encoding to TS1/4 on input line 327.
Package textcomp Info: Setting hlh sub-encoding to TS1/3 on input line 328.
Package textcomp Info: Setting hls sub-encoding to TS1/3 on input line 329.
Package textcomp Info: Setting hlst sub-encoding to TS1/3 on input line 330.
Package textcomp Info: Setting hlct sub-encoding to TS1/5 on input line 331.
Package textcomp Info: Setting hlx sub-encoding to TS1/5 on input line 332.
Package textcomp Info: Setting hlce sub-encoding to TS1/5 on input line 333.
Package textcomp Info: Setting hlcn sub-encoding to TS1/5 on input line 334.
Package textcomp Info: Setting hlcw sub-encoding to TS1/5 on input line 335.
Package textcomp Info: Setting hlcf sub-encoding to TS1/5 on input line 336.
Package textcomp Info: Setting pplx sub-encoding to TS1/3 on input line 337.
Package textcomp Info: Setting pplj sub-encoding to TS1/3 on input line 338.
Package textcomp Info: Setting ptmx sub-encoding to TS1/4 on input line 339.
Package textcomp Info: Setting ptmj sub-encoding to TS1/4 on input line 340.
))
("C:\Program Files (x86)\MiKTeX 2.9\tex\latex\arev\arevmath.sty"
Package: arevmath 2006/02/19 0.1 Arev Sans Math package

("C:\Program Files (x86)\MiKTeX 2.9\tex\latex\arev\ams-mdbch.sty"
Package: ams-mdbch 2005/05/08 v1.4 Bold mdbch (Math Design Project) to replace 
AMS fonts
\symmathdesignA=\mathgroup6
LaTeX Font Info:    Overwriting symbol font `mathdesignA' in version `bold'
(Font)                  MDA/mdbch/b/n --> MDA/mdbch/b/n on input line 47.
LaTeX Font Info:    Overwriting encoding scheme math defaults on input line 52.

LaTeX Info: Redefining \bold on input line 64.
LaTeX Font Info:    Redeclaring math delimiter \ulcorner on input line 82.
LaTeX Font Info:    Redeclaring math delimiter \urcorner on input line 83.
LaTeX Font Info:    Redeclaring math delimiter \llcorner on input line 84.
LaTeX Font Info:    Redeclaring math delimiter \lrcorner on input line 85.
LaTeX Font Info:    Redeclaring math accent \widetilde on input line 86.
LaTeX Font Info:    Redeclaring math accent \widehat on input line 87.
LaTeX Font Info:    Redeclaring math symbol \dabar@ on input line 88.
LaTeX Font Info:    Redeclaring math symbol \lvertneqq on input line 96.
LaTeX Font Info:    Redeclaring math symbol \gvertneqq on input line 97.
LaTeX Font Info:    Redeclaring math symbol \nleq on input line 98.
LaTeX Font Info:    Redeclaring math symbol \ngeq on input line 99.
LaTeX Font Info:    Redeclaring math symbol \nless on input line 100.
LaTeX Font Info:    Redeclaring math symbol \ngtr on input line 101.
LaTeX Font Info:    Redeclaring math symbol \nprec on input line 102.
LaTeX Font Info:    Redeclaring math symbol \nsucc on input line 103.
LaTeX Font Info:    Redeclaring math symbol \lneqq on input line 104.
LaTeX Font Info:    Redeclaring math symbol \gneqq on input line 105.
LaTeX Font Info:    Redeclaring math symbol \nleqslant on input line 106.
LaTeX Font Info:    Redeclaring math symbol \ngeqslant on input line 107.
LaTeX Font Info:    Redeclaring math symbol \lneq on input line 108.
LaTeX Font Info:    Redeclaring math symbol \gneq on input line 109.
LaTeX Font Info:    Redeclaring math symbol \npreceq on input line 110.
LaTeX Font Info:    Redeclaring math symbol \nsucceq on input line 111.
LaTeX Font Info:    Redeclaring math symbol \precnsim on input line 112.
LaTeX Font Info:    Redeclaring math symbol \succnsim on input line 113.
LaTeX Font Info:    Redeclaring math symbol \lnsim on input line 114.
LaTeX Font Info:    Redeclaring math symbol \gnsim on input line 115.
LaTeX Font Info:    Redeclaring math symbol \nleqq on input line 116.
LaTeX Font Info:    Redeclaring math symbol \ngeqq on input line 117.
LaTeX Font Info:    Redeclaring math symbol \precneqq on input line 118.
LaTeX Font Info:    Redeclaring math symbol \succneqq on input line 119.
LaTeX Font Info:    Redeclaring math symbol \precnapprox on input line 120.
LaTeX Font Info:    Redeclaring math symbol \succnapprox on input line 121.
LaTeX Font Info:    Redeclaring math symbol \lnapprox on input line 122.
LaTeX Font Info:    Redeclaring math symbol \gnapprox on input line 123.
LaTeX Font Info:    Redeclaring math symbol \nsim on input line 124.
LaTeX Font Info:    Redeclaring math symbol \ncong on input line 125.
LaTeX Font Info:    Redeclaring math symbol \diagup on input line 126.
LaTeX Font Info:    Redeclaring math symbol \diagdown on input line 127.
LaTeX Font Info:    Redeclaring math symbol \varsubsetneq on input line 128.
LaTeX Font Info:    Redeclaring math symbol \varsupsetneq on input line 129.
LaTeX Font Info:    Redeclaring math symbol \nsubseteqq on input line 130.
LaTeX Font Info:    Redeclaring math symbol \nsupseteqq on input line 131.
LaTeX Font Info:    Redeclaring math symbol \subsetneqq on input line 132.
LaTeX Font Info:    Redeclaring math symbol \supsetneqq on input line 133.
LaTeX Font Info:    Redeclaring math symbol \varsubsetneqq on input line 134.
LaTeX Font Info:    Redeclaring math symbol \varsupsetneqq on input line 135.
LaTeX Font Info:    Redeclaring math symbol \subsetneq on input line 136.
LaTeX Font Info:    Redeclaring math symbol \supsetneq on input line 137.
LaTeX Font Info:    Redeclaring math symbol \nsubseteq on input line 138.
LaTeX Font Info:    Redeclaring math symbol \nsupseteq on input line 139.
LaTeX Font Info:    Redeclaring math symbol \nparallel on input line 140.
LaTeX Font Info:    Redeclaring math symbol \nmid on input line 141.
LaTeX Font Info:    Redeclaring math symbol \nshortmid on input line 142.
LaTeX Font Info:    Redeclaring math symbol \nshortparallel on input line 143.
LaTeX Font Info:    Redeclaring math symbol \nvdash on input line 144.
LaTeX Font Info:    Redeclaring math symbol \nVdash on input line 145.
LaTeX Font Info:    Redeclaring math symbol \nvDash on input line 146.
LaTeX Font Info:    Redeclaring math symbol \nVDash on input line 147.
LaTeX Font Info:    Redeclaring math symbol \ntrianglerighteq on input line 148
.
LaTeX Font Info:    Redeclaring math symbol \ntrianglelefteq on input line 149.

LaTeX Font Info:    Redeclaring math symbol \ntriangleleft on input line 150.
LaTeX Font Info:    Redeclaring math symbol \ntriangleright on input line 151.
LaTeX Font Info:    Redeclaring math symbol \nleftarrow on input line 152.
LaTeX Font Info:    Redeclaring math symbol \nrightarrow on input line 153.
LaTeX Font Info:    Redeclaring math symbol \nLeftarrow on input line 154.
LaTeX Font Info:    Redeclaring math symbol \nRightarrow on input line 155.
LaTeX Font Info:    Redeclaring math symbol \nLeftrightarrow on input line 156.

LaTeX Font Info:    Redeclaring math symbol \nleftrightarrow on input line 157.

LaTeX Font Info:    Redeclaring math symbol \divideontimes on input line 158.
LaTeX Font Info:    Redeclaring math symbol \varnothing on input line 159.
LaTeX Font Info:    Redeclaring math symbol \nexists on input line 160.
LaTeX Font Info:    Redeclaring math symbol \Join on input line 161.
LaTeX Font Info:    Redeclaring math symbol \Finv on input line 165.
LaTeX Font Info:    Redeclaring math symbol \Game on input line 166.
LaTeX Font Info:    Redeclaring math symbol \eqsim on input line 167.
LaTeX Font Info:    Redeclaring math symbol \beth on input line 168.
LaTeX Font Info:    Redeclaring math symbol \gimel on input line 169.
LaTeX Font Info:    Redeclaring math symbol \daleth on input line 170.
LaTeX Font Info:    Redeclaring math symbol \lessdot on input line 171.
LaTeX Font Info:    Redeclaring math symbol \gtrdot on input line 172.
LaTeX Font Info:    Redeclaring math symbol \ltimes on input line 173.
LaTeX Font Info:    Redeclaring math symbol \rtimes on input line 174.
LaTeX Font Info:    Redeclaring math symbol \shortmid on input line 175.
LaTeX Font Info:    Redeclaring math symbol \shortparallel on input line 176.
LaTeX Font Info:    Redeclaring math symbol \smallsetminus on input line 177.
LaTeX Font Info:    Redeclaring math symbol \thicksim on input line 178.
LaTeX Font Info:    Redeclaring math symbol \thickapprox on input line 179.
LaTeX Font Info:    Redeclaring math symbol \approxeq on input line 180.
LaTeX Font Info:    Redeclaring math symbol \succapprox on input line 181.
LaTeX Font Info:    Redeclaring math symbol \precapprox on input line 182.
LaTeX Font Info:    Redeclaring math symbol \curvearrowleft on input line 183.
LaTeX Font Info:    Redeclaring math symbol \curvearrowright on input line 184.

LaTeX Font Info:    Redeclaring math symbol \Bbbk on input line 189.
LaTeX Font Info:    Redeclaring math symbol \backepsilon on input line 190.
LaTeX Font Info:    Redeclaring math symbol \boxdot on input line 192.
LaTeX Font Info:    Redeclaring math symbol \boxplus on input line 193.
LaTeX Font Info:    Redeclaring math symbol \boxtimes on input line 194.
LaTeX Font Info:    Redeclaring math symbol \square on input line 195.
LaTeX Font Info:    Redeclaring math symbol \blacksquare on input line 196.
LaTeX Font Info:    Redeclaring math symbol \centerdot on input line 197.
LaTeX Font Info:    Redeclaring math symbol \lozenge on input line 198.
LaTeX Font Info:    Redeclaring math symbol \blacklozenge on input line 199.
LaTeX Font Info:    Redeclaring math symbol \circlearrowright on input line 200
.
LaTeX Font Info:    Redeclaring math symbol \circlearrowleft on input line 201.

LaTeX Font Info:    Redeclaring math symbol \rightleftharpoons on input line 20
3.
LaTeX Font Info:    Redeclaring math symbol \leftrightharpoons on input line 20
4.
LaTeX Font Info:    Redeclaring math symbol \boxminus on input line 205.
LaTeX Font Info:    Redeclaring math symbol \Vdash on input line 206.
LaTeX Font Info:    Redeclaring math symbol \Vvdash on input line 207.
LaTeX Font Info:    Redeclaring math symbol \vDash on input line 208.
LaTeX Font Info:    Redeclaring math symbol \twoheadrightarrow on input line 20
9.
LaTeX Font Info:    Redeclaring math symbol \twoheadleftarrow on input line 210
.
LaTeX Font Info:    Redeclaring math symbol \leftleftarrows on input line 211.
LaTeX Font Info:    Redeclaring math symbol \rightrightarrows on input line 212
.
LaTeX Font Info:    Redeclaring math symbol \upuparrows on input line 213.
LaTeX Font Info:    Redeclaring math symbol \downdownarrows on input line 214.
LaTeX Font Info:    Redeclaring math symbol \upharpoonright on input line 215.
LaTeX Font Info:    Redeclaring math symbol \downharpoonright on input line 217
.
LaTeX Font Info:    Redeclaring math symbol \upharpoonleft on input line 218.
LaTeX Font Info:    Redeclaring math symbol \downharpoonleft on input line 219.

LaTeX Font Info:    Redeclaring math symbol \rightarrowtail on input line 220.
LaTeX Font Info:    Redeclaring math symbol \leftarrowtail on input line 221.
LaTeX Font Info:    Redeclaring math symbol \leftrightarrows on input line 222.

LaTeX Font Info:    Redeclaring math symbol \rightleftarrows on input line 223.

LaTeX Font Info:    Redeclaring math symbol \Lsh on input line 224.
LaTeX Font Info:    Redeclaring math symbol \Rsh on input line 225.
LaTeX Font Info:    Redeclaring math symbol \rightsquigarrow on input line 226.

LaTeX Font Info:    Redeclaring math symbol \leftrightsquigarrow on input line 
227.
LaTeX Font Info:    Redeclaring math symbol \looparrowleft on input line 228.
LaTeX Font Info:    Redeclaring math symbol \looparrowright on input line 229.
LaTeX Font Info:    Redeclaring math symbol \circeq on input line 230.
LaTeX Font Info:    Redeclaring math symbol \succsim on input line 231.
LaTeX Font Info:    Redeclaring math symbol \gtrsim on input line 232.
LaTeX Font Info:    Redeclaring math symbol \gtrapprox on input line 233.
LaTeX Font Info:    Redeclaring math symbol \multimap on input line 234.
LaTeX Font Info:    Redeclaring math symbol \therefore on input line 235.
LaTeX Font Info:    Redeclaring math symbol \because on input line 236.
LaTeX Font Info:    Redeclaring math symbol \doteqdot on input line 237.
LaTeX Font Info:    Redeclaring math symbol \triangleq on input line 239.
LaTeX Font Info:    Redeclaring math symbol \precsim on input line 240.
LaTeX Font Info:    Redeclaring math symbol \lesssim on input line 241.
LaTeX Font Info:    Redeclaring math symbol \lessapprox on input line 242.
LaTeX Font Info:    Redeclaring math symbol \eqslantless on input line 243.
LaTeX Font Info:    Redeclaring math symbol \eqslantgtr on input line 244.
LaTeX Font Info:    Redeclaring math symbol \curlyeqprec on input line 245.
LaTeX Font Info:    Redeclaring math symbol \curlyeqsucc on input line 246.
LaTeX Font Info:    Redeclaring math symbol \preccurlyeq on input line 247.
LaTeX Font Info:    Redeclaring math symbol \leqq on input line 248.
LaTeX Font Info:    Redeclaring math symbol \leqslant on input line 249.
LaTeX Font Info:    Redeclaring math symbol \lessgtr on input line 250.
LaTeX Font Info:    Redeclaring math symbol \backprime on input line 251.
LaTeX Font Info:    Redeclaring math symbol \risingdotseq on input line 252.
LaTeX Font Info:    Redeclaring math symbol \fallingdotseq on input line 253.
LaTeX Font Info:    Redeclaring math symbol \succcurlyeq on input line 254.
LaTeX Font Info:    Redeclaring math symbol \geqq on input line 255.
LaTeX Font Info:    Redeclaring math symbol \geqslant on input line 256.
LaTeX Font Info:    Redeclaring math symbol \gtrless on input line 257.
LaTeX Font Info:    Redeclaring math symbol \sqsubset on input line 258.
LaTeX Font Info:    Redeclaring math symbol \sqsupset on input line 259.
LaTeX Font Info:    Redeclaring math symbol \vartriangleright on input line 260
.
LaTeX Font Info:    Redeclaring math symbol \vartriangleleft on input line 261.

LaTeX Font Info:    Redeclaring math symbol \trianglerighteq on input line 262.

LaTeX Font Info:    Redeclaring math symbol \trianglelefteq on input line 263.
LaTeX Font Info:    Redeclaring math symbol \bigstar on input line 264.
LaTeX Font Info:    Redeclaring math symbol \between on input line 265.
LaTeX Font Info:    Redeclaring math symbol \blacktriangledown on input line 26
6.
LaTeX Font Info:    Redeclaring math symbol \blacktriangleright on input line 2
67.
LaTeX Font Info:    Redeclaring math symbol \blacktriangleleft on input line 26
8.
LaTeX Font Info:    Redeclaring math symbol \vartriangle on input line 269.
LaTeX Font Info:    Redeclaring math symbol \blacktriangle on input line 270.
LaTeX Font Info:    Redeclaring math symbol \triangledown on input line 271.
LaTeX Font Info:    Redeclaring math symbol \eqcirc on input line 272.
LaTeX Font Info:    Redeclaring math symbol \lesseqgtr on input line 273.
LaTeX Font Info:    Redeclaring math symbol \gtreqless on input line 274.
LaTeX Font Info:    Redeclaring math symbol \lesseqqgtr on input line 275.
LaTeX Font Info:    Redeclaring math symbol \gtreqqless on input line 276.
LaTeX Font Info:    Redeclaring math symbol \Rrightarrow on input line 277.
LaTeX Font Info:    Redeclaring math symbol \Lleftarrow on input line 278.
LaTeX Font Info:    Redeclaring math symbol \veebar on input line 279.
LaTeX Font Info:    Redeclaring math symbol \barwedge on input line 280.
LaTeX Font Info:    Redeclaring math symbol \doublebarwedge on input line 281.
LaTeX Font Info:    Redeclaring math symbol \angle on input line 282.
LaTeX Font Info:    Redeclaring math symbol \measuredangle on input line 283.
LaTeX Font Info:    Redeclaring math symbol \sphericalangle on input line 284.
LaTeX Font Info:    Redeclaring math symbol \varpropto on input line 285.
LaTeX Font Info:    Redeclaring math symbol \smallsmile on input line 286.
LaTeX Font Info:    Redeclaring math symbol \smallfrown on input line 287.
LaTeX Font Info:    Redeclaring math symbol \Subset on input line 288.
LaTeX Font Info:    Redeclaring math symbol \Supset on input line 289.
LaTeX Font Info:    Redeclaring math symbol \Cup on input line 290.
LaTeX Font Info:    Redeclaring math symbol \Cap on input line 292.
LaTeX Font Info:    Redeclaring math symbol \curlywedge on input line 294.
LaTeX Font Info:    Redeclaring math symbol \curlyvee on input line 295.
LaTeX Font Info:    Redeclaring math symbol \leftthreetimes on input line 296.
LaTeX Font Info:    Redeclaring math symbol \rightthreetimes on input line 297.

LaTeX Font Info:    Redeclaring math symbol \subseteqq on input line 298.
LaTeX Font Info:    Redeclaring math symbol \supseteqq on input line 299.
LaTeX Font Info:    Redeclaring math symbol \bumpeq on input line 300.
LaTeX Font Info:    Redeclaring math symbol \Bumpeq on input line 301.
LaTeX Font Info:    Redeclaring math symbol \lll on input line 302.
LaTeX Font Info:    Redeclaring math symbol \ggg on input line 304.
LaTeX Font Info:    Redeclaring math symbol \circledS on input line 306.
LaTeX Font Info:    Redeclaring math symbol \pitchfork on input line 307.
LaTeX Font Info:    Redeclaring math symbol \dotplus on input line 308.
LaTeX Font Info:    Redeclaring math symbol \backsim on input line 309.
LaTeX Font Info:    Redeclaring math symbol \backsimeq on input line 310.
LaTeX Font Info:    Redeclaring math symbol \complement on input line 311.
LaTeX Font Info:    Redeclaring math symbol \intercal on input line 312.
LaTeX Font Info:    Redeclaring math symbol \circledcirc on input line 313.
LaTeX Font Info:    Redeclaring math symbol \circledast on input line 314.
LaTeX Font Info:    Redeclaring math symbol \circleddash on input line 315.
)
LaTeX Font Info:    Overwriting symbol font `operators' in version `normal'
(Font)                  OT1/cmr/m/n --> OT1/zavm/m/n on input line 71.
LaTeX Font Info:    Overwriting symbol font `letters' in version `normal'
(Font)                  OML/cmm/m/it --> OML/zavm/m/it on input line 72.
LaTeX Font Info:    Overwriting symbol font `symbols' in version `normal'
(Font)                  OMS/cmsy/m/n --> OMS/zavm/m/n on input line 73.
LaTeX Font Info:    Overwriting symbol font `largesymbols' in version `normal'
(Font)                  OMX/cmex/m/n --> OMX/mdbch/m/n on input line 74.
LaTeX Font Info:    Overwriting math alphabet `\mathbf' in version `normal'
(Font)                  OT1/cmr/bx/n --> OT1/zavm/b/n on input line 81.
LaTeX Font Info:    Overwriting math alphabet `\mathtt' in version `normal'
(Font)                  OT1/cmtt/m/n --> T1/fvm/m/n on input line 82.
LaTeX Font Info:    Redeclaring math alphabet \mathcal on input line 85.
LaTeX Font Info:    Redeclaring math alphabet \mathit on input line 89.
LaTeX Font Info:    Redeclaring math alphabet \mathsf on input line 91.
LaTeX Font Info:    Redeclaring math alphabet \mathbb on input line 105.
LaTeX Font Info:    Overwriting symbol font `operators' in version `bold'
(Font)                  OT1/cmr/bx/n --> OT1/zavm/b/n on input line 112.
LaTeX Font Info:    Overwriting symbol font `letters' in version `bold'
(Font)                  OML/cmm/b/it --> OML/zavm/b/it on input line 113.
LaTeX Font Info:    Overwriting symbol font `symbols' in version `bold'
(Font)                  OMS/cmsy/b/n --> OMS/zavm/b/n on input line 114.
LaTeX Font Info:    Overwriting symbol font `largesymbols' in version `bold'
(Font)                  OMX/cmex/m/n --> OMX/mdbch/b/n on input line 115.
LaTeX Font Info:    Overwriting math alphabet `\mathbf' in version `bold'
(Font)                  OT1/cmr/bx/n --> OT1/zavm/b/n on input line 118.
LaTeX Font Info:    Overwriting math alphabet `\mathtt' in version `bold'
(Font)                  OT1/cmtt/m/n --> T1/fvm/b/n on input line 119.
LaTeX Font Info:    Redeclaring math accent \widetilde on input line 123.
LaTeX Font Info:    Redeclaring math accent \widehat on input line 124.
\symextraup=\mathgroup7
\symextraitalic=\mathgroup8

("C:\Program Files (x86)\MiKTeX 2.9\tex\latex\arev\arevsymbols.tex"
LaTeX Font Info:    Redeclaring math symbol \hbar on input line 22.
LaTeX Font Info:    Redeclaring math symbol \hslash on input line 23.
LaTeX Font Info:    Redeclaring math symbol \digamma on input line 25.
LaTeX Font Info:    Redeclaring math symbol \varkappa on input line 26.
LaTeX Font Info:    Redeclaring math symbol \backepsilon on input line 35.
LaTeX Font Info:    Redeclaring math symbol \emptyset on input line 37.
LaTeX Font Info:    Redeclaring math symbol \eth on input line 57.
LaTeX Font Info:    Redeclaring math symbol \mho on input line 58.
)
LaTeX Font Info:    Redeclaring math symbol \varGamma on input line 181.
LaTeX Font Info:    Redeclaring math symbol \varXi on input line 182.
LaTeX Font Info:    Redeclaring math symbol \varPi on input line 183.
LaTeX Font Info:    Redeclaring math symbol \varSigma on input line 184.
LaTeX Font Info:    Redeclaring math symbol \varPhi on input line 185.
LaTeX Font Info:    Redeclaring math symbol \varnothing on input line 204.
)
("C:\Program Files (x86)\MiKTeX 2.9\tex\latex\bera\beramono.sty"
Package: beramono 2004/01/31 (WaS)
))
("D:\Dropbox\TU Delft - MSc System & Control\Graduation Project (Thesis)\Litera
ture Colloquium\TUDelft_Beamer\presentation.aux")
LaTeX Font Info:    Checking defaults for OML/cmm/m/it on input line 54.
LaTeX Font Info:    ... okay on input line 54.
LaTeX Font Info:    Checking defaults for T1/cmr/m/n on input line 54.
LaTeX Font Info:    ... okay on input line 54.
LaTeX Font Info:    Checking defaults for OT1/cmr/m/n on input line 54.
LaTeX Font Info:    ... okay on input line 54.
LaTeX Font Info:    Checking defaults for OMS/cmsy/m/n on input line 54.
LaTeX Font Info:    ... okay on input line 54.
LaTeX Font Info:    Checking defaults for OMX/cmex/m/n on input line 54.
LaTeX Font Info:    ... okay on input line 54.
LaTeX Font Info:    Checking defaults for U/cmr/m/n on input line 54.
LaTeX Font Info:    ... okay on input line 54.
LaTeX Font Info:    Checking defaults for PD1/pdf/m/n on input line 54.
LaTeX Font Info:    ... okay on input line 54.
LaTeX Font Info:    Checking defaults for TS1/cmr/m/n on input line 54.
LaTeX Font Info:    Try loading font information for TS1+cmr on input line 54.

("C:\Program Files (x86)\MiKTeX 2.9\tex\latex\base\ts1cmr.fd"
File: ts1cmr.fd 1999/05/25 v2.5h Standard LaTeX font definitions
)
LaTeX Font Info:    ... okay on input line 54.
LaTeX Font Info:    Checking defaults for MDA/cmr/m/n on input line 54.
LaTeX Font Info:    Try loading font information for MDA+cmr on input line 54.

("C:\Program Files (x86)\MiKTeX 2.9\tex\latex\mathdesign\mdacmr.fd"
File: mdacmr.fd 
)
LaTeX Font Info:    ... okay on input line 54.
LaTeX Font Info:    Try loading font information for T1+fav on input line 54.

("C:\Program Files (x86)\MiKTeX 2.9\tex\latex\arev\t1fav.fd"
File: t1fav.fd 2006/05/30 Fontinst v1.929 font definitions for T1/fav.
)
*geometry* driver: auto-detecting
*geometry* detected driver: pdftex
*geometry* verbose mode - [ preamble ] result:
* driver: pdftex
* paper: custom
* layout: <same size as paper>
* layoutoffset:(h,v)=(0.0pt,0.0pt)
* modes: includehead includefoot 
* h-part:(L,W,R)=(28.45274pt, 321.51625pt, 14.22636pt)
* v-part:(T,H,B)=(0.0pt, 273.14662pt, 0.0pt)
* \paperwidth=364.19536pt
* \paperheight=273.14662pt
* \textwidth=321.51625pt
* \textheight=244.6939pt
* \oddsidemargin=-43.81725pt
* \evensidemargin=-43.81725pt
* \topmargin=-72.26999pt
* \headheight=14.22636pt
* \headsep=0.0pt
* \topskip=11.0pt
* \footskip=14.22636pt
* \marginparwidth=4.0pt
* \marginparsep=10.0pt
* \columnsep=10.0pt
* \skip\footins=10.0pt plus 4.0pt minus 2.0pt
* \hoffset=0.0pt
* \voffset=0.0pt
* \mag=1000
* \@twocolumnfalse
* \@twosidefalse
* \@mparswitchfalse
* \@reversemarginfalse
* (1in=72.27pt=25.4mm, 1cm=28.453pt)

("C:\Program Files (x86)\MiKTeX 2.9\tex\context\base\supp-pdf.mkii"
[Loading MPS to PDF converter (version 2006.09.02).]
\scratchcounter=\count163
\scratchdimen=\dimen199
\scratchbox=\box57
\nofMPsegments=\count164
\nofMParguments=\count165
\everyMPshowfont=\toks47
\MPscratchCnt=\count166
\MPscratchDim=\dimen200
\MPnumerator=\count167
\makeMPintoPDFobject=\count168
\everyMPtoPDFconversion=\toks48
) ABD: EveryShipout initializing macros
\AtBeginShipoutBox=\box58
Package hyperref Info: Link coloring OFF on input line 54.

("C:\Program Files (x86)\MiKTeX 2.9\tex\latex\hyperref\nameref.sty"
Package: nameref 2012/10/27 v2.43 Cross-referencing by name of section

("C:\Program Files (x86)\MiKTeX 2.9\tex\generic\oberdiek\gettitlestring.sty"
Package: gettitlestring 2010/12/03 v1.4 Cleanup title references (HO)
)
\c@section@level=\count169
)
LaTeX Info: Redefining \ref on input line 54.
LaTeX Info: Redefining \pageref on input line 54.
LaTeX Info: Redefining \nameref on input line 54.

("D:\Dropbox\TU Delft - MSc System & Control\Graduation Project (Thesis)\Litera
ture Colloquium\TUDelft_Beamer\presentation.out")
("D:\Dropbox\TU Delft - MSc System & Control\Graduation Project (Thesis)\Litera
ture Colloquium\TUDelft_Beamer\presentation.out")
\@outlinefile=\write5
LaTeX Font Info:    Overwriting symbol font `operators' in version `normal'
(Font)                  OT1/zavm/m/n --> OT1/cmss/m/n on input line 54.
LaTeX Font Info:    Overwriting symbol font `operators' in version `bold'
(Font)                  OT1/zavm/b/n --> OT1/cmss/bx/n on input line 54.
\symnumbers=\mathgroup9
\sympureletters=\mathgroup10
LaTeX Font Info:    Overwriting math alphabet `\mathrm' in version `normal'
(Font)                  OT1/cmss/m/n --> T1/fav/m/n on input line 54.
LaTeX Font Info:    Redeclaring math alphabet \mathbf on input line 54.
LaTeX Font Info:    Overwriting math alphabet `\mathbf' in version `normal'
(Font)                  OT1/zavm/b/n --> T1/fav/bx/n on input line 54.
LaTeX Font Info:    Overwriting math alphabet `\mathbf' in version `bold'
(Font)                  OT1/zavm/b/n --> T1/fav/bx/n on input line 54.
LaTeX Font Info:    Redeclaring math alphabet \mathsf on input line 54.
LaTeX Font Info:    Redeclaring math alphabet \mathit on input line 54.
LaTeX Font Info:    Redeclaring math alphabet \mathtt on input line 54.
LaTeX Font Info:    Overwriting math alphabet `\mathtt' in version `normal'
(Font)                  T1/fvm/m/n --> T1/fvm/m/n on input line 54.
LaTeX Font Info:    Overwriting math alphabet `\mathtt' in version `bold'
(Font)                  T1/fvm/b/n --> T1/fvm/m/n on input line 54.
LaTeX Font Info:    Overwriting symbol font `numbers' in version `bold'
(Font)                  T1/fav/m/n --> T1/fav/bx/n on input line 54.
LaTeX Font Info:    Overwriting symbol font `pureletters' in version `bold'
(Font)                  T1/fav/m/it --> T1/fav/bx/it on input line 54.
LaTeX Font Info:    Overwriting math alphabet `\mathrm' in version `bold'
(Font)                  OT1/cmss/bx/n --> T1/fav/bx/n on input line 54.
LaTeX Font Info:    Overwriting math alphabet `\mathbf' in version `bold'
(Font)                  T1/fav/bx/n --> T1/fav/bx/n on input line 54.
LaTeX Font Info:    Overwriting math alphabet `\mathsf' in version `bold'
(Font)                  T1/fav/m/n --> T1/fav/bx/n on input line 54.
LaTeX Font Info:    Overwriting math alphabet `\mathit' in version `bold'
(Font)                  T1/fav/m/it --> T1/fav/bx/it on input line 54.
LaTeX Font Info:    Overwriting math alphabet `\mathtt' in version `bold'
(Font)                  T1/fvm/m/n --> T1/fvm/bx/n on input line 54.

("C:\Program Files (x86)\MiKTeX 2.9\tex\latex\beamer\base\translator\dicts\tran
slator-basic-dictionary\translator-basic-dictionary-English.dict"
Dictionary: translator-basic-dictionary, Language: English 
)
("C:\Program Files (x86)\MiKTeX 2.9\tex\latex\beamer\base\translator\dicts\tran
slator-bibliography-dictionary\translator-bibliography-dictionary-English.dict"
Dictionary: translator-bibliography-dictionary, Language: English 
)
("C:\Program Files (x86)\MiKTeX 2.9\tex\latex\beamer\base\translator\dicts\tran
slator-environment-dictionary\translator-environment-dictionary-English.dict"
Dictionary: translator-environment-dictionary, Language: English 
)
("C:\Program Files (x86)\MiKTeX 2.9\tex\latex\beamer\base\translator\dicts\tran
slator-months-dictionary\translator-months-dictionary-English.dict"
Dictionary: translator-months-dictionary, Language: English 
)
("C:\Program Files (x86)\MiKTeX 2.9\tex\latex\beamer\base\translator\dicts\tran
slator-numbers-dictionary\translator-numbers-dictionary-English.dict"
Dictionary: translator-numbers-dictionary, Language: English 
)
("C:\Program Files (x86)\MiKTeX 2.9\tex\latex\beamer\base\translator\dicts\tran
slator-theorem-dictionary\translator-theorem-dictionary-English.dict"
Dictionary: translator-theorem-dictionary, Language: English 
)
LaTeX Info: Redefining \includegraphics on input line 54.

("D:\Dropbox\TU Delft - MSc System & Control\Graduation Project (Thesis)\Litera
ture Colloquium\TUDelft_Beamer\presentation.nav")
<images/tudelft_logo.pdf, id=28, 163.61125pt x 77.28876pt>
File: images/tudelft_logo.pdf Graphic file (type pdf)

<use images/tudelft_logo.pdf>
Package pdftex.def Info: images/tudelft_logo.pdf used on input line 54.
(pdftex.def)             Requested size: 30.69476pt x 11.38109pt.
\titleBox=\box59
\subtitleBox=\box60
\instituteBox=\box61
\authorBox=\box62
\dateBox=\box63
LaTeX Font Info:    Font shape `T1/fav/bx/n' in size <17.28> not available
(Font)              Font shape `T1/fav/b/n' tried instead on input line 60.
LaTeX Font Info:    Font shape `T1/fav/bx/n' in size <10> not available
(Font)              Font shape `T1/fav/b/n' tried instead on input line 60.
LaTeX Font Info:    Font shape `T1/fav/bx/n' in size <12> not available
(Font)              Font shape `T1/fav/b/n' tried instead on input line 60.
LaTeX Font Info:    Font shape `T1/fav/bx/n' in size <8> not available
(Font)              Font shape `T1/fav/b/n' tried instead on input line 60.
\titleBoxWidth=\skip62
\titleBoxInnerWidth=\skip63

<images/background-titlepage.jpg, id=51, 1654.68187pt x 1114.1625pt>
File: images/background-titlepage.jpg Graphic file (type jpg)

<use images/background-titlepage.jpg>
Package pdftex.def Info: images/background-titlepage.jpg used on input line 60.

(pdftex.def)             Requested size: 364.18263pt x 273.13371pt.

Overfull \hbox (1.89641pt too wide) has occurred while \output is active
[] 
 []

[1

{C:/ProgramData/MiKTeX/2.9/pdftex/config/pdftex.map} <D:/Dropbox/TU Delft - MSc
 System & Control/Graduation Project (Thesis)/Literature Colloquium/TUDelft_Bea
mer/images/background-titlepage.jpg>]
("D:\Dropbox\TU Delft - MSc System & Control\Graduation Project (Thesis)\Litera
ture Colloquium\TUDelft_Beamer\presentation.toc")
LaTeX Font Info:    Font shape `T1/fav/bx/n' in size <14.4> not available
(Font)              Font shape `T1/fav/b/n' tried instead on input line 66.

Overfull \hbox (18.02797pt too wide) in paragraph at lines 66--66
[]|  []  
 []


Overfull \hbox (1.89641pt too wide) has occurred while \output is active
[] 
 []

[2

]
LaTeX Font Info:    Try loading font information for TS1+fav on input line 83.
LaTeX Font Info:    No file TS1fav.fd. on input line 83.


LaTeX Font Warning: Font shape `TS1/fav/m/n' undefined
(Font)              using `TS1/cmr/m/n' instead
(Font)              for symbol `textbullet' on input line 83.

<images/slacklining.png, id=76, 602.25pt x 853.1875pt>
File: images/slacklining.png Graphic file (type png)

<use images/slacklining.png>
Package pdftex.def Info: images/slacklining.png used on input line 83.
(pdftex.def)             Requested size: 89.88577pt x 127.33469pt.

<images/rl_diagram.pdf, id=77, 554.07pt x 345.29pt>
File: images/rl_diagram.pdf Graphic file (type pdf)

<use images/rl_diagram.pdf>
Package pdftex.def Info: images/rl_diagram.pdf used on input line 83.
(pdftex.def)             Requested size: 179.77155pt x 112.02823pt.

Overfull \hbox (18.02797pt too wide) in paragraph at lines 83--83
[]|  []  
 []

File: images/tudelft_logo.pdf Graphic file (type pdf)
<use images/tudelft_logo.pdf>
Package pdftex.def Info: images/tudelft_logo.pdf used on input line 83.
(pdftex.def)             Requested size: 30.69476pt x 11.38109pt.

Overfull \hbox (1.89641pt too wide) has occurred while \output is active
[] 
 []

[3

 <D:/Dropbox/TU Delft - MSc System & Control/Graduation Project (Thesis)/Litera
ture Colloquium/TUDelft_Beamer/images/tudelft_logo.pdf> <D:/Dropbox/TU Delft - 
MSc System & Control/Graduation Project (Thesis)/Literature Colloquium/TUDelft_
Beamer/images/slacklining.png> <D:/Dropbox/TU Delft - MSc System & Control/Grad
uation Project (Thesis)/Literature Colloquium/TUDelft_Beamer/images/rl_diagram.
pdf

pdfTeX warning: pdflatex (file D:/Dropbox/TU Delft - MSc System & Control/Gradu
ation Project (Thesis)/Literature Colloquium/TUDelft_Beamer/images/rl_diagram.p
df): PDF inclusion: multiple pdfs with page group included in a single page
>]
File: images/slacklining.png Graphic file (type png)
 <use images/slacklining.png>
Package pdftex.def Info: images/slacklining.png used on input line 83.
(pdftex.def)             Requested size: 89.88577pt x 127.33469pt.
File: images/rl_diagram.pdf Graphic file (type pdf)
 <use images/rl_diagram.pdf>
Package pdftex.def Info: images/rl_diagram.pdf used on input line 83.
(pdftex.def)             Requested size: 179.77155pt x 112.02823pt.

Overfull \hbox (18.02797pt too wide) in paragraph at lines 83--83
[]|  []  
 []

File: images/tudelft_logo.pdf Graphic file (type pdf)
<use images/tudelft_logo.pdf>
Package pdftex.def Info: images/tudelft_logo.pdf used on input line 83.
(pdftex.def)             Requested size: 30.69476pt x 11.38109pt.

Overfull \hbox (1.89641pt too wide) has occurred while \output is active
[] 
 []

[4

]
File: images/slacklining.png Graphic file (type png)
 <use images/slacklining.png>
Package pdftex.def Info: images/slacklining.png used on input line 83.
(pdftex.def)             Requested size: 89.88577pt x 127.33469pt.
File: images/rl_diagram.pdf Graphic file (type pdf)
 <use images/rl_diagram.pdf>
Package pdftex.def Info: images/rl_diagram.pdf used on input line 83.
(pdftex.def)             Requested size: 179.77155pt x 112.02823pt.

Overfull \hbox (18.02797pt too wide) in paragraph at lines 83--83
[]|  []  
 []

File: images/tudelft_logo.pdf Graphic file (type pdf)
<use images/tudelft_logo.pdf>
Package pdftex.def Info: images/tudelft_logo.pdf used on input line 83.
(pdftex.def)             Requested size: 30.69476pt x 11.38109pt.

Overfull \hbox (1.89641pt too wide) has occurred while \output is active
[] 
 []

[5

]
File: images/slacklining.png Graphic file (type png)
 <use images/slacklining.png>
Package pdftex.def Info: images/slacklining.png used on input line 83.
(pdftex.def)             Requested size: 89.88577pt x 127.33469pt.
File: images/rl_diagram.pdf Graphic file (type pdf)
 <use images/rl_diagram.pdf>
Package pdftex.def Info: images/rl_diagram.pdf used on input line 83.
(pdftex.def)             Requested size: 179.77155pt x 112.02823pt.

Overfull \hbox (18.02797pt too wide) in paragraph at lines 83--83
[]|  []  
 []

File: images/tudelft_logo.pdf Graphic file (type pdf)
<use images/tudelft_logo.pdf>
Package pdftex.def Info: images/tudelft_logo.pdf used on input line 83.
(pdftex.def)             Requested size: 30.69476pt x 11.38109pt.

Overfull \hbox (1.89641pt too wide) has occurred while \output is active
[] 
 []

[6

]
LaTeX Font Info:    Try loading font information for OML+zavm on input line 111
.
 ("C:\Program Files (x86)\MiKTeX 2.9\tex\latex\arev\omlzavm.fd"
File: omlzavm.fd 2006/05/30 Fontinst v1.929 font definitions for OML/zavm.
)
LaTeX Font Info:    Try loading font information for OMS+zavm on input line 111
.

("C:\Program Files (x86)\MiKTeX 2.9\tex\latex\arev\omszavm.fd"
File: omszavm.fd 2006/05/30 Fontinst v1.929 font definitions for OMS/zavm.
)
LaTeX Font Info:    Try loading font information for OMX+mdbch on input line 11
1.

("C:\Program Files (x86)\MiKTeX 2.9\tex\latex\mathdesign\mdbch\omxmdbch.fd"
File: omxmdbch.fd 2013/08/29 Fontinst v1.933 font definitions for OMX/mdbch.
)
LaTeX Font Info:    Font shape `OMX/mdbch/m/n' will be
(Font)              scaled to size 8.64006pt on input line 111.
LaTeX Font Info:    Font shape `OMX/mdbch/m/n' will be
(Font)              scaled to size 6.72005pt on input line 111.
LaTeX Font Info:    Font shape `OMX/mdbch/m/n' will be
(Font)              scaled to size 4.80003pt on input line 111.
LaTeX Font Info:    Try loading font information for U+msa on input line 111.

("C:\Program Files (x86)\MiKTeX 2.9\tex\latex\amsfonts\umsa.fd"
File: umsa.fd 2013/01/14 v3.01 AMS symbols A
)
LaTeX Font Info:    Try loading font information for U+msb on input line 111.

("C:\Program Files (x86)\MiKTeX 2.9\tex\latex\amsfonts\umsb.fd"
File: umsb.fd 2013/01/14 v3.01 AMS symbols B
)
LaTeX Font Info:    Try loading font information for MDA+mdbch on input line 11
1.

("C:\Program Files (x86)\MiKTeX 2.9\tex\latex\mathdesign\mdbch\mdamdbch.fd"
File: mdamdbch.fd 2013/08/29 Fontinst v1.933 font definitions for MDA/mdbch.
)
LaTeX Font Info:    Font shape `MDA/mdbch/b/n' will be
(Font)              scaled to size 8.64006pt on input line 111.
LaTeX Font Info:    Font shape `MDA/mdbch/b/n' will be
(Font)              scaled to size 6.72005pt on input line 111.
LaTeX Font Info:    Font shape `MDA/mdbch/b/n' will be
(Font)              scaled to size 4.80003pt on input line 111.
LaTeX Font Info:    Try loading font information for U+zavm on input line 111.

("C:\Program Files (x86)\MiKTeX 2.9\tex\latex\arev\uzavm.fd"
File: uzavm.fd 2006/05/30 Fontinst v1.929 font definitions for U/zavm.
)
LaTeX Font Info:    Font shape `U/futm/m/n' will be
(Font)              scaled to size 9.35994pt on input line 111.
LaTeX Font Info:    Font shape `U/futm/m/n' will be
(Font)              scaled to size 7.27995pt on input line 111.
LaTeX Font Info:    Font shape `U/futm/m/n' will be
(Font)              scaled to size 5.19997pt on input line 111.

Overfull \hbox (18.02797pt too wide) in paragraph at lines 111--111
[]|  []  
 []

File: images/tudelft_logo.pdf Graphic file (type pdf)
<use images/tudelft_logo.pdf>
Package pdftex.def Info: images/tudelft_logo.pdf used on input line 111.
(pdftex.def)             Requested size: 30.69476pt x 11.38109pt.

Overfull \hbox (1.89641pt too wide) has occurred while \output is active
[] 
 []

[7

]
Overfull \hbox (18.02797pt too wide) in paragraph at lines 111--111
[]|  []  
 []

File: images/tudelft_logo.pdf Graphic file (type pdf)
<use images/tudelft_logo.pdf>
Package pdftex.def Info: images/tudelft_logo.pdf used on input line 111.
(pdftex.def)             Requested size: 30.69476pt x 11.38109pt.

Overfull \hbox (1.89641pt too wide) has occurred while \output is active
[] 
 []

[8

]
Overfull \hbox (18.02797pt too wide) in paragraph at lines 136--136
[]|  []  
 []

File: images/tudelft_logo.pdf Graphic file (type pdf)
<use images/tudelft_logo.pdf>
Package pdftex.def Info: images/tudelft_logo.pdf used on input line 136.
(pdftex.def)             Requested size: 30.69476pt x 11.38109pt.

Overfull \hbox (1.89641pt too wide) has occurred while \output is active
[] 
 []

[9

]
Overfull \hbox (18.02797pt too wide) in paragraph at lines 136--136
[]|  []  
 []

File: images/tudelft_logo.pdf Graphic file (type pdf)
<use images/tudelft_logo.pdf>
Package pdftex.def Info: images/tudelft_logo.pdf used on input line 136.
(pdftex.def)             Requested size: 30.69476pt x 11.38109pt.

Overfull \hbox (1.89641pt too wide) has occurred while \output is active
[] 
 []

[10

]
LaTeX Font Info:    Font shape `OMX/mdbch/m/n' will be
(Font)              scaled to size 10.51207pt on input line 150.
LaTeX Font Info:    Font shape `OMX/mdbch/m/n' will be
(Font)              scaled to size 7.68005pt on input line 150.
LaTeX Font Info:    Font shape `OMX/mdbch/m/n' will be
(Font)              scaled to size 5.76004pt on input line 150.
LaTeX Font Info:    Font shape `MDA/mdbch/b/n' will be
(Font)              scaled to size 10.51207pt on input line 150.
LaTeX Font Info:    Font shape `MDA/mdbch/b/n' will be
(Font)              scaled to size 7.68005pt on input line 150.
LaTeX Font Info:    Font shape `MDA/mdbch/b/n' will be
(Font)              scaled to size 5.76004pt on input line 150.
LaTeX Font Info:    Font shape `U/futm/m/n' will be
(Font)              scaled to size 11.38791pt on input line 150.
LaTeX Font Info:    Font shape `U/futm/m/n' will be
(Font)              scaled to size 8.31995pt on input line 150.
LaTeX Font Info:    Font shape `U/futm/m/n' will be
(Font)              scaled to size 6.23996pt on input line 150.

Overfull \hbox (18.02797pt too wide) in paragraph at lines 150--150
[]|  []  
 []

File: images/tudelft_logo.pdf Graphic file (type pdf)
<use images/tudelft_logo.pdf>
Package pdftex.def Info: images/tudelft_logo.pdf used on input line 150.
(pdftex.def)             Requested size: 30.69476pt x 11.38109pt.

Overfull \hbox (1.89641pt too wide) has occurred while \output is active
[] 
 []

[11

]
LaTeX Font Info:    Font shape `T1/fav/bx/n' in size <10.95> not available
(Font)              Font shape `T1/fav/b/n' tried instead on input line 184.

Overfull \hbox (18.02797pt too wide) in paragraph at lines 184--184
[]|  []  
 []


Overfull \vbox (1.23865pt too high) detected at line 184
 []

File: images/tudelft_logo.pdf Graphic file (type pdf)
<use images/tudelft_logo.pdf>
Package pdftex.def Info: images/tudelft_logo.pdf used on input line 184.
(pdftex.def)             Requested size: 30.69476pt x 11.38109pt.

Overfull \hbox (1.89641pt too wide) has occurred while \output is active
[] 
 []

[12

]
Overfull \hbox (18.02797pt too wide) in paragraph at lines 184--184
[]|  []  
 []


Overfull \vbox (1.23865pt too high) detected at line 184
 []

File: images/tudelft_logo.pdf Graphic file (type pdf)
<use images/tudelft_logo.pdf>
Package pdftex.def Info: images/tudelft_logo.pdf used on input line 184.
(pdftex.def)             Requested size: 30.69476pt x 11.38109pt.

Overfull \hbox (1.89641pt too wide) has occurred while \output is active
[] 
 []

[13

] <images/actorCritic.pdf, id=426, 482.20149pt x 273.02pt>
File: images/actorCritic.pdf Graphic file (type pdf)

<use images/actorCritic.pdf>
Package pdftex.def Info: images/actorCritic.pdf used on input line 201.
(pdftex.def)             Requested size: 192.91171pt x 109.22688pt.

Overfull \hbox (18.02797pt too wide) in paragraph at lines 201--201
[]|  []  
 []

File: images/tudelft_logo.pdf Graphic file (type pdf)
<use images/tudelft_logo.pdf>
Package pdftex.def Info: images/tudelft_logo.pdf used on input line 201.
(pdftex.def)             Requested size: 30.69476pt x 11.38109pt.

Overfull \hbox (1.89641pt too wide) has occurred while \output is active
[] 
 []

[14

 <D:/Dropbox/TU Delft - MSc System & Control/Graduation Project (Thesis)/Litera
ture Colloquium/TUDelft_Beamer/images/actorCritic.pdf

pdfTeX warning: pdflatex (file D:/Dropbox/TU Delft - MSc System & Control/Gradu
ation Project (Thesis)/Literature Colloquium/TUDelft_Beamer/images/actorCritic.
pdf): PDF inclusion: multiple pdfs with page group included in a single page
>]
Overfull \hbox (18.02797pt too wide) in paragraph at lines 226--226
[]|  []  
 []

File: images/tudelft_logo.pdf Graphic file (type pdf)
<use images/tudelft_logo.pdf>
Package pdftex.def Info: images/tudelft_logo.pdf used on input line 226.
(pdftex.def)             Requested size: 30.69476pt x 11.38109pt.

Overfull \hbox (1.89641pt too wide) has occurred while \output is active
[] 
 []

[15

]
Overfull \hbox (18.02797pt too wide) in paragraph at lines 237--237
[]|  []  
 []

File: images/tudelft_logo.pdf Graphic file (type pdf)
<use images/tudelft_logo.pdf>
Package pdftex.def Info: images/tudelft_logo.pdf used on input line 237.
(pdftex.def)             Requested size: 30.69476pt x 11.38109pt.

Overfull \hbox (1.89641pt too wide) has occurred while \output is active
[] 
 []

[16

]
Overfull \hbox (18.02797pt too wide) in paragraph at lines 243--243
[]|  []  
 []

File: images/tudelft_logo.pdf Graphic file (type pdf)
<use images/tudelft_logo.pdf>
Package pdftex.def Info: images/tudelft_logo.pdf used on input line 243.
(pdftex.def)             Requested size: 30.69476pt x 11.38109pt.

Overfull \hbox (1.89641pt too wide) has occurred while \output is active
[] 
 []

[17

] <images/IMG_9011.jpg, id=555, 2601.72pt x 1734.48pt>
File: images/IMG_9011.jpg Graphic file (type jpg)

<use images/IMG_9011.jpg>
Package pdftex.def Info: images/IMG_9011.jpg used on input line 269.
(pdftex.def)             Requested size: 170.40321pt x 113.59207pt.

Overfull \hbox (18.02797pt too wide) in paragraph at lines 269--269
[]|  []  
 []


Overfull \vbox (23.04247pt too high) detected at line 269
 []

File: images/tudelft_logo.pdf Graphic file (type pdf)
<use images/tudelft_logo.pdf>
Package pdftex.def Info: images/tudelft_logo.pdf used on input line 269.
(pdftex.def)             Requested size: 30.69476pt x 11.38109pt.

Overfull \hbox (1.89641pt too wide) has occurred while \output is active
[] 
 []

[18

 <D:/Dropbox/TU Delft - MSc System & Control/Graduation Project (Thesis)/Litera
ture Colloquium/TUDelft_Beamer/images/IMG_9011.jpg>]
File: images/IMG_9011.jpg Graphic file (type jpg)

<use images/IMG_9011.jpg>
Package pdftex.def Info: images/IMG_9011.jpg used on input line 269.
(pdftex.def)             Requested size: 170.40321pt x 113.59207pt.

Overfull \hbox (18.02797pt too wide) in paragraph at lines 269--269
[]|  []  
 []


Overfull \vbox (23.04247pt too high) detected at line 269
 []

File: images/tudelft_logo.pdf Graphic file (type pdf)
<use images/tudelft_logo.pdf>
Package pdftex.def Info: images/tudelft_logo.pdf used on input line 269.
(pdftex.def)             Requested size: 30.69476pt x 11.38109pt.

Overfull \hbox (1.89641pt too wide) has occurred while \output is active
[] 
 []

[19

] <images/Joint1.pdf, id=616, 418.56375pt x 314.17375pt>
File: images/Joint1.pdf Graphic file (type pdf)

<use images/Joint1.pdf>
Package pdftex.def Info: images/Joint1.pdf used on input line 296.
(pdftex.def)             Requested size: 158.7962pt x 119.1907pt.

Overfull \hbox (18.02797pt too wide) in paragraph at lines 296--296
[]|  []  
 []


Overfull \vbox (7.6654pt too high) detected at line 296
 []

File: images/tudelft_logo.pdf Graphic file (type pdf)
<use images/tudelft_logo.pdf>
Package pdftex.def Info: images/tudelft_logo.pdf used on input line 296.
(pdftex.def)             Requested size: 30.69476pt x 11.38109pt.

Overfull \hbox (1.89641pt too wide) has occurred while \output is active
[] 
 []

[20

 <D:/Dropbox/TU Delft - MSc System & Control/Graduation Project (Thesis)/Litera
ture Colloquium/TUDelft_Beamer/images/Joint1.pdf

pdfTeX warning: pdflatex (file D:/Dropbox/TU Delft - MSc System & Control/Gradu
ation Project (Thesis)/Literature Colloquium/TUDelft_Beamer/images/Joint1.pdf):
 PDF inclusion: multiple pdfs with page group included in a single page
>] <images/trajectory_data_Y.pdf, id=703, 1204.5pt x 321.2pt>
File: images/trajectory_data_Y.pdf Graphic file (type pdf)

<use images/trajectory_data_Y.pdf>
Package pdftex.def Info: images/trajectory_data_Y.pdf used on input line 343.
(pdftex.def)             Requested size: 269.65274pt x 71.90419pt.

<images/trajectory_data_Z.pdf, id=704, 1204.5pt x 320.19624pt>
File: images/trajectory_data_Z.pdf Graphic file (type pdf)

<use images/trajectory_data_Z.pdf>
Package pdftex.def Info: images/trajectory_data_Z.pdf used on input line 343.
(pdftex.def)             Requested size: 269.65274pt x 71.67949pt.

Overfull \hbox (18.02797pt too wide) in paragraph at lines 343--343
[]|  []  
 []


Overfull \vbox (2.64297pt too high) detected at line 343
 []

File: images/tudelft_logo.pdf Graphic file (type pdf)
<use images/tudelft_logo.pdf>
Package pdftex.def Info: images/tudelft_logo.pdf used on input line 343.
(pdftex.def)             Requested size: 30.69476pt x 11.38109pt.

Overfull \hbox (1.89641pt too wide) has occurred while \output is active
[] 
 []

[21

 <D:/Dropbox/TU Delft - MSc System & Control/Graduation Project (Thesis)/Litera
ture Colloquium/TUDelft_Beamer/images/trajectory_data_Y.pdf

pdfTeX warning: pdflatex (file D:/Dropbox/TU Delft - MSc System & Control/Gradu
ation Project (Thesis)/Literature Colloquium/TUDelft_Beamer/images/trajectory_d
ata_Y.pdf): PDF inclusion: multiple pdfs with page group included in a single p
age
> <D:/Dropbox/TU Delft - MSc System & Control/Graduation Project (Thesis)/Liter
ature Colloquium/TUDelft_Beamer/images/trajectory_data_Z.pdf

pdfTeX warning: pdflatex (file D:/Dropbox/TU Delft - MSc System & Control/Gradu
ation Project (Thesis)/Literature Colloquium/TUDelft_Beamer/images/trajectory_d
ata_Z.pdf): PDF inclusion: multiple pdfs with page group included in a single p
age
>]
Overfull \hbox (18.02797pt too wide) in paragraph at lines 354--354
[]|  []  
 []

File: images/tudelft_logo.pdf Graphic file (type pdf)
<use images/tudelft_logo.pdf>
Package pdftex.def Info: images/tudelft_logo.pdf used on input line 354.
(pdftex.def)             Requested size: 30.69476pt x 11.38109pt.

Overfull \hbox (1.89641pt too wide) has occurred while \output is active
[] 
 []

[22

]
Overfull \hbox (18.02797pt too wide) in paragraph at lines 374--374
[]|  []  
 []

File: images/tudelft_logo.pdf Graphic file (type pdf)
<use images/tudelft_logo.pdf>
Package pdftex.def Info: images/tudelft_logo.pdf used on input line 374.
(pdftex.def)             Requested size: 30.69476pt x 11.38109pt.

Overfull \hbox (1.89641pt too wide) has occurred while \output is active
[] 
 []

[23

]
LaTeX Font Info:    Font shape `T1/fav/bx/n' in size <9> not available
(Font)              Font shape `T1/fav/b/n' tried instead on input line 400.

Overfull \hbox (18.02797pt too wide) in paragraph at lines 400--400
[]|  []  
 []

File: images/tudelft_logo.pdf Graphic file (type pdf)
<use images/tudelft_logo.pdf>
Package pdftex.def Info: images/tudelft_logo.pdf used on input line 400.
(pdftex.def)             Requested size: 30.69476pt x 11.38109pt.

Overfull \hbox (1.89641pt too wide) has occurred while \output is active
[] 
 []

[24

]
Overfull \hbox (18.02797pt too wide) in paragraph at lines 441--441
[]|  []  
 []

File: images/tudelft_logo.pdf Graphic file (type pdf)
<use images/tudelft_logo.pdf>
Package pdftex.def Info: images/tudelft_logo.pdf used on input line 441.
(pdftex.def)             Requested size: 30.69476pt x 11.38109pt.

Overfull \hbox (1.89641pt too wide) has occurred while \output is active
[] 
 []

[25

]
Overfull \hbox (18.02797pt too wide) in paragraph at lines 466--466
[]|  []  
 []

File: images/tudelft_logo.pdf Graphic file (type pdf)
<use images/tudelft_logo.pdf>
Package pdftex.def Info: images/tudelft_logo.pdf used on input line 466.
(pdftex.def)             Requested size: 30.69476pt x 11.38109pt.

Overfull \hbox (1.89641pt too wide) has occurred while \output is active
[] 
 []

[26

]
Overfull \hbox (18.02797pt too wide) in paragraph at lines 508--508
[]|  []  
 []

File: images/tudelft_logo.pdf Graphic file (type pdf)
<use images/tudelft_logo.pdf>
Package pdftex.def Info: images/tudelft_logo.pdf used on input line 508.
(pdftex.def)             Requested size: 30.69476pt x 11.38109pt.

Overfull \hbox (1.89641pt too wide) has occurred while \output is active
[] 
 []

[27

]
Overfull \hbox (18.39687pt too wide) in paragraph at lines 543--543
[]  
 []


Overfull \hbox (18.02797pt too wide) in paragraph at lines 543--543
[]|  []  
 []

File: images/tudelft_logo.pdf Graphic file (type pdf)
<use images/tudelft_logo.pdf>
Package pdftex.def Info: images/tudelft_logo.pdf used on input line 543.
(pdftex.def)             Requested size: 30.69476pt x 11.38109pt.

Overfull \hbox (1.89641pt too wide) has occurred while \output is active
[] 
 []

[28

]
Overfull \hbox (18.02797pt too wide) in paragraph at lines 577--577
[]|  []  
 []


Overfull \vbox (16.01216pt too high) detected at line 577
 []

File: images/tudelft_logo.pdf Graphic file (type pdf)
<use images/tudelft_logo.pdf>
Package pdftex.def Info: images/tudelft_logo.pdf used on input line 577.
(pdftex.def)             Requested size: 30.69476pt x 11.38109pt.

Overfull \hbox (1.89641pt too wide) has occurred while \output is active
[] 
 []

[29

]
Overfull \hbox (18.02797pt too wide) in paragraph at lines 592--592
[]|  []  
 []

File: images/tudelft_logo.pdf Graphic file (type pdf)
<use images/tudelft_logo.pdf>
Package pdftex.def Info: images/tudelft_logo.pdf used on input line 592.
(pdftex.def)             Requested size: 30.69476pt x 11.38109pt.

Overfull \hbox (1.89641pt too wide) has occurred while \output is active
[] 
 []

[30

] <images/dynatuning_block.pdf, id=1189, 412.56496pt x 227.62204pt>
File: images/dynatuning_block.pdf Graphic file (type pdf)

<use images/dynatuning_block.pdf>
Package pdftex.def Info: images/dynatuning_block.pdf used on input line 611.
(pdftex.def)             Requested size: 209.73041pt x 115.71059pt.

Overfull \hbox (18.02797pt too wide) in paragraph at lines 611--611
[]|  []  
 []

File: images/tudelft_logo.pdf Graphic file (type pdf)
<use images/tudelft_logo.pdf>
Package pdftex.def Info: images/tudelft_logo.pdf used on input line 611.
(pdftex.def)             Requested size: 30.69476pt x 11.38109pt.

Overfull \hbox (1.89641pt too wide) has occurred while \output is active
[] 
 []

[31

 <D:/Dropbox/TU Delft - MSc System & Control/Graduation Project (Thesis)/Litera
ture Colloquium/TUDelft_Beamer/images/dynatuning_block.pdf

pdfTeX warning: pdflatex (file D:/Dropbox/TU Delft - MSc System & Control/Gradu
ation Project (Thesis)/Literature Colloquium/TUDelft_Beamer/images/dynatuning_b
lock.pdf): PDF inclusion: multiple pdfs with page group included in a single pa
ge
>]
File: images/dynatuning_block.pdf Graphic file (type pdf)
 <use images/dynatuning_block.pdf>
Package pdftex.def Info: images/dynatuning_block.pdf used on input line 611.
(pdftex.def)             Requested size: 209.73041pt x 115.71059pt.

Overfull \hbox (18.02797pt too wide) in paragraph at lines 611--611
[]|  []  
 []

File: images/tudelft_logo.pdf Graphic file (type pdf)
<use images/tudelft_logo.pdf>
Package pdftex.def Info: images/tudelft_logo.pdf used on input line 611.
(pdftex.def)             Requested size: 30.69476pt x 11.38109pt.

Overfull \hbox (1.89641pt too wide) has occurred while \output is active
[] 
 []

[32

] <images/sarsa.pdf, id=1255, 461.725pt x 50.1875pt>
File: images/sarsa.pdf Graphic file (type pdf)
 <use images/sarsa.pdf>
Package pdftex.def Info: images/sarsa.pdf used on input line 645.
(pdftex.def)             Requested size: 160.75812pt x 17.47322pt.
LaTeX Font Info:    Font shape `T1/fav/bx/n' in size <7> not available
(Font)              Font shape `T1/fav/b/n' tried instead on input line 645.

Overfull \hbox (18.02797pt too wide) in paragraph at lines 645--645
[]|  []  
 []


Overfull \vbox (18.34236pt too high) detected at line 645
 []

File: images/tudelft_logo.pdf Graphic file (type pdf)
<use images/tudelft_logo.pdf>
Package pdftex.def Info: images/tudelft_logo.pdf used on input line 645.
(pdftex.def)             Requested size: 30.69476pt x 11.38109pt.

Overfull \hbox (1.89641pt too wide) has occurred while \output is active
[] 
 []

[33

 <D:/Dropbox/TU Delft - MSc System & Control/Graduation Project (Thesis)/Litera
ture Colloquium/TUDelft_Beamer/images/sarsa.pdf

pdfTeX warning: pdflatex (file D:/Dropbox/TU Delft - MSc System & Control/Gradu
ation Project (Thesis)/Literature Colloquium/TUDelft_Beamer/images/sarsa.pdf): 
PDF inclusion: multiple pdfs with page group included in a single page
>] <images/actorcritic_dynamictuning.pdf, id=1295, 483.69682pt x 312.9803pt>
File: images/actorcritic_dynamictuning.pdf Graphic file (type pdf)

<use images/actorcritic_dynamictuning.pdf>
Package pdftex.def Info: images/actorcritic_dynamictuning.pdf used on input lin
e 658.
(pdftex.def)             Requested size: 225.06038pt x 145.62506pt.

Overfull \hbox (18.02797pt too wide) in paragraph at lines 658--658
[]|  []  
 []

File: images/tudelft_logo.pdf Graphic file (type pdf)
<use images/tudelft_logo.pdf>
Package pdftex.def Info: images/tudelft_logo.pdf used on input line 658.
(pdftex.def)             Requested size: 30.69476pt x 11.38109pt.

Overfull \hbox (1.89641pt too wide) has occurred while \output is active
[] 
 []

[34

 <D:/Dropbox/TU Delft - MSc System & Control/Graduation Project (Thesis)/Litera
ture Colloquium/TUDelft_Beamer/images/actorcritic_dynamictuning.pdf

pdfTeX warning: pdflatex (file D:/Dropbox/TU Delft - MSc System & Control/Gradu
ation Project (Thesis)/Literature Colloquium/TUDelft_Beamer/images/actorcritic_
dynamictuning.pdf): PDF inclusion: multiple pdfs with page group included in a 
single page
>]
Overfull \hbox (18.02797pt too wide) in paragraph at lines 673--673
[]|  []  
 []

File: images/tudelft_logo.pdf Graphic file (type pdf)
<use images/tudelft_logo.pdf>
Package pdftex.def Info: images/tudelft_logo.pdf used on input line 673.
(pdftex.def)             Requested size: 30.69476pt x 11.38109pt.

Overfull \hbox (1.89641pt too wide) has occurred while \output is active
[] 
 []

[35

] <images/nonlin_compensator.pdf, id=1364, 625.96059pt x 446.70827pt>
File: images/nonlin_compensator.pdf Graphic file (type pdf)

<use images/nonlin_compensator.pdf>
Package pdftex.def Info: images/nonlin_compensator.pdf used on input line 690.
(pdftex.def)             Requested size: 239.69386pt x 171.0528pt.

Overfull \hbox (18.02797pt too wide) in paragraph at lines 690--690
[]|  []  
 []


Overfull \vbox (15.45737pt too high) detected at line 690
 []

File: images/tudelft_logo.pdf Graphic file (type pdf)
<use images/tudelft_logo.pdf>
Package pdftex.def Info: images/tudelft_logo.pdf used on input line 690.
(pdftex.def)             Requested size: 30.69476pt x 11.38109pt.

Overfull \hbox (1.89641pt too wide) has occurred while \output is active
[] 
 []

[36

 <D:/Dropbox/TU Delft - MSc System & Control/Graduation Project (Thesis)/Litera
ture Colloquium/TUDelft_Beamer/images/nonlin_compensator.pdf

pdfTeX warning: pdflatex (file D:/Dropbox/TU Delft - MSc System & Control/Gradu
ation Project (Thesis)/Literature Colloquium/TUDelft_Beamer/images/nonlin_compe
nsator.pdf): PDF inclusion: multiple pdfs with page group included in a single 
page
>]
Overfull \hbox (18.02797pt too wide) in paragraph at lines 713--713
[]|  []  
 []

File: images/tudelft_logo.pdf Graphic file (type pdf)
<use images/tudelft_logo.pdf>
Package pdftex.def Info: images/tudelft_logo.pdf used on input line 713.
(pdftex.def)             Requested size: 30.69476pt x 11.38109pt.

Overfull \hbox (1.89641pt too wide) has occurred while \output is active
[] 
 []

[37

] <images/research_plan.pdf, id=1456, 176.66pt x 343.2825pt>
File: images/research_plan.pdf Graphic file (type pdf)

<use images/research_plan.pdf>
Package pdftex.def Info: images/research_plan.pdf used on input line 720.
(pdftex.def)             Requested size: 112.53264pt x 218.67337pt.

Overfull \hbox (18.02797pt too wide) in paragraph at lines 720--720
[]|  []  
 []


Overfull \vbox (21.6462pt too high) detected at line 720
 []

File: images/tudelft_logo.pdf Graphic file (type pdf)
<use images/tudelft_logo.pdf>
Package pdftex.def Info: images/tudelft_logo.pdf used on input line 720.
(pdftex.def)             Requested size: 30.69476pt x 11.38109pt.

Overfull \hbox (1.89641pt too wide) has occurred while \output is active
[] 
 []

[38

 <D:/Dropbox/TU Delft - MSc System & Control/Graduation Project (Thesis)/Litera
ture Colloquium/TUDelft_Beamer/images/research_plan.pdf>]
Overfull \hbox (18.02797pt too wide) in paragraph at lines 728--728
[]|  []  
 []

File: images/tudelft_logo.pdf Graphic file (type pdf)
<use images/tudelft_logo.pdf>
Package pdftex.def Info: images/tudelft_logo.pdf used on input line 728.
(pdftex.def)             Requested size: 30.69476pt x 11.38109pt.

Overfull \hbox (1.89641pt too wide) has occurred while \output is active
[] 
 []

[39

]
LaTeX Font Info:    Font shape `T1/fav/bx/n' in size <15> not available
(Font)              Font shape `T1/fav/b/n' tried instead on input line 734.

Overfull \hbox (18.02797pt too wide) in paragraph at lines 734--734
[]|  []  
 []

File: images/tudelft_logo.pdf Graphic file (type pdf)
<use images/tudelft_logo.pdf>
Package pdftex.def Info: images/tudelft_logo.pdf used on input line 734.
(pdftex.def)             Requested size: 30.69476pt x 11.38109pt.

Overfull \hbox (1.89641pt too wide) has occurred while \output is active
[] 
 []

[40

]
\tf@nav=\write6
\tf@toc=\write7
\tf@snm=\write8
Package atveryend Info: Empty hook `BeforeClearDocument' on input line 735.
Package atveryend Info: Empty hook `AfterLastShipout' on input line 735.

("D:\Dropbox\TU Delft - MSc System & Control\Graduation Project (Thesis)\Litera
ture Colloquium\TUDelft_Beamer\presentation.aux")
Package atveryend Info: Executing hook `AtVeryEndDocument' on input line 735.
Package atveryend Info: Executing hook `AtEndAfterFileList' on input line 735.
Package rerunfilecheck Info: File `presentation.out' has not changed.
(rerunfilecheck)             Checksum: C9EF69335AD11A4F63FD7AE58CBF7191;302.


LaTeX Font Warning: Some font shapes were not available, defaults substituted.

Package atveryend Info: Empty hook `AtVeryVeryEnd' on input line 735.
 ) 
Here is how much of TeX's memory you used:
 18535 strings out of 493921
 350625 string characters out of 3144864
 410810 words of memory out of 3000000
 21189 multiletter control sequences out of 15000+200000
 104373 words of font info for 147 fonts, out of 3000000 for 9000
 841 hyphenation exceptions out of 8191
 56i,25n,57p,420b,699s stack positions out of 5000i,500n,10000p,200000b,50000s
 <C:\Users\yudhapane\AppData\Local\MiKTeX\2.9\fonts\pk\ljfour\jknappen\ec\dpi
600\tcrm0900.pk>{C:/Program Files (x86)/MiKTeX 2.9/fonts/enc/dvips/arev/arevoms
.enc}{C:/Program Files (x86)/MiKTeX 2.9/fonts/enc/dvips/arev/arevoml.enc}{C:/Pr
ogram Files (x86)/MiKTeX 2.9/fonts/enc/dvips/fontname/8r.enc} <C:\Users\yudhapa
ne\AppData\Local\MiKTeX\2.9\fonts\pk\ljfour\jknappen\ec\dpi600\tcrm1000.pk><C:/
Program Files (x86)/MiKTeX 2.9/fonts/type1/public/arev/ArevSans-Bold.pfb><C:/Pr
ogram Files (x86)/MiKTeX 2.9/fonts/type1/public/arev/ArevSans-Oblique.pfb><C:/P
rogram Files (x86)/MiKTeX 2.9/fonts/type1/public/arev/ArevSans-Roman.pfb><C:/Pr
ogram Files (x86)/MiKTeX 2.9/fonts/type1/public/amsfonts/cm/cmss10.pfb><C:/Prog
ram Files (x86)/MiKTeX 2.9/fonts/type1/public/amsfonts/cm/cmss8.pfb><C:/Program
 Files (x86)/MiKTeX 2.9/fonts/type1/public/amsfonts/cm/cmss9.pfb><C:/Program Fi
les (x86)/MiKTeX 2.9/fonts/type1/public/amsfonts/cm/cmsy10.pfb><C:/Program File
s (x86)/MiKTeX 2.9/fonts/type1/public/amsfonts/cm/cmsy8.pfb><C:/Program Files (
x86)/MiKTeX 2.9/fonts/type1/public/fourier/fourier-bb.pfb><C:/Program Files (x8
6)/MiKTeX 2.9/fonts/type1/mathdesign/mdbch/md-chb7y.pfb><C:/Program Files (x86)
/MiKTeX 2.9/fonts/type1/mathdesign/mdbch/md-chr7v.pfb>
Output written on presentation.pdf (40 pages, 3696607 bytes).
PDF statistics:
 1658 PDF objects out of 1728 (max. 8388607)
 92 named destinations out of 1000 (max. 500000)
 403 words of extra memory for PDF output out of 10000 (max. 10000000)

